2017-03-21 09:40:25,070 [Worker-0] INFO  o.e.m.c.i.l.LifecycleMappingFactory - Using org.maven.ide.eclipse.wtp.WarLifecycleMapping lifecycle mapping for MavenProject: org:socialnetworking:0.0.1-SNAPSHOT @ C:\Users\admin\Desktop\Project_Workspace_Collab\socialnetworking\pom.xml.
2017-03-21 09:40:40,203 [Worker-0] WARN  o.e.m.c.i.embedder.EclipseLogger - Using platform encoding (Cp1252 actually) to copy filtered resources, i.e. build is platform dependent!
2017-03-21 09:40:40,221 [Worker-0] INFO  o.e.m.c.i.embedder.EclipseLogger - Copying 0 resource
2017-03-21 09:40:40,229 [Worker-0] WARN  o.e.m.c.i.embedder.EclipseLogger - Using platform encoding (Cp1252 actually) to copy filtered resources, i.e. build is platform dependent!
2017-03-21 09:40:40,232 [Worker-0] INFO  o.e.m.c.i.embedder.EclipseLogger - skip non existing resourceDirectory C:\Users\admin\Desktop\Project_Workspace_Collab\socialnetworking\src\test\resources
2017-03-21 09:40:43,993 [Worker-3] WARN  o.e.m.c.i.embedder.EclipseLogger - Using platform encoding (Cp1252 actually) to copy filtered resources, i.e. build is platform dependent!
2017-03-21 09:40:44,006 [Worker-3] INFO  o.e.m.c.i.embedder.EclipseLogger - Copying 0 resource
2017-03-21 09:40:44,009 [Worker-3] WARN  o.e.m.c.i.embedder.EclipseLogger - Using platform encoding (Cp1252 actually) to copy filtered resources, i.e. build is platform dependent!
2017-03-21 09:40:44,011 [Worker-3] INFO  o.e.m.c.i.embedder.EclipseLogger - skip non existing resourceDirectory C:\Users\admin\Desktop\Project_Workspace_Collab\socialnetworking\src\test\resources
2017-03-21 09:41:54,196 [Worker-1] WARN  o.e.m.c.i.embedder.EclipseLogger - Using platform encoding (Cp1252 actually) to copy filtered resources, i.e. build is platform dependent!
2017-03-21 09:41:54,200 [Worker-1] INFO  o.e.m.c.i.embedder.EclipseLogger - Copying 0 resource
2017-03-21 09:41:54,203 [Worker-1] WARN  o.e.m.c.i.embedder.EclipseLogger - Using platform encoding (Cp1252 actually) to copy filtered resources, i.e. build is platform dependent!
2017-03-21 09:41:54,205 [Worker-1] INFO  o.e.m.c.i.embedder.EclipseLogger - skip non existing resourceDirectory C:\Users\admin\Desktop\Project_Workspace_Collab\socialnetworking\src\test\resources
2017-03-21 10:03:57,205 [main] INFO  o.e.m2e.actions.ExecutePomAction - Creating new launch configuration
2017-03-21 10:04:09,818 [Worker-34] INFO  o.e.m.i.launch.MavenLaunchDelegate - C:\Users\admin\Desktop\Project_Workspace_Collab\socialnetworking
2017-03-21 10:04:09,819 [Worker-34] INFO  o.e.m.i.launch.MavenLaunchDelegate -  mvn  -B clean compile install
2017-03-21 10:05:59,058 [Worker-31] WARN  o.e.m.c.i.embedder.EclipseLogger - Using platform encoding (Cp1252 actually) to copy filtered resources, i.e. build is platform dependent!
2017-03-21 10:05:59,061 [Worker-31] INFO  o.e.m.c.i.embedder.EclipseLogger - Copying 0 resource
2017-03-21 10:05:59,066 [Worker-31] WARN  o.e.m.c.i.embedder.EclipseLogger - Using platform encoding (Cp1252 actually) to copy filtered resources, i.e. build is platform dependent!
2017-03-21 10:05:59,069 [Worker-31] INFO  o.e.m.c.i.embedder.EclipseLogger - skip non existing resourceDirectory C:\Users\admin\Desktop\Project_Workspace_Collab\socialnetworking\src\test\resources
2017-03-21 10:06:13,468 [Worker-37] WARN  o.e.m.c.i.embedder.EclipseLogger - Using platform encoding (Cp1252 actually) to copy filtered resources, i.e. build is platform dependent!
2017-03-21 10:06:13,473 [Worker-37] INFO  o.e.m.c.i.embedder.EclipseLogger - Copying 0 resource
2017-03-21 10:06:13,477 [Worker-37] WARN  o.e.m.c.i.embedder.EclipseLogger - Using platform encoding (Cp1252 actually) to copy filtered resources, i.e. build is platform dependent!
2017-03-21 10:06:13,483 [Worker-37] INFO  o.e.m.c.i.embedder.EclipseLogger - skip non existing resourceDirectory C:\Users\admin\Desktop\Project_Workspace_Collab\socialnetworking\src\test\resources
2017-03-21 10:06:14,627 [Worker-31] WARN  o.e.m.c.i.embedder.EclipseLogger - Using platform encoding (Cp1252 actually) to copy filtered resources, i.e. build is platform dependent!
2017-03-21 10:06:14,630 [Worker-31] INFO  o.e.m.c.i.embedder.EclipseLogger - Copying 0 resource
2017-03-21 10:06:14,633 [Worker-31] WARN  o.e.m.c.i.embedder.EclipseLogger - Using platform encoding (Cp1252 actually) to copy filtered resources, i.e. build is platform dependent!
2017-03-21 10:06:14,636 [Worker-31] INFO  o.e.m.c.i.embedder.EclipseLogger - skip non existing resourceDirectory C:\Users\admin\Desktop\Project_Workspace_Collab\socialnetworking\src\test\resources
2017-03-21 10:07:23,573 [main] INFO  o.e.m2e.actions.ExecutePomAction - Creating new launch configuration
2017-03-21 10:07:44,431 [Worker-27] INFO  o.e.m.i.launch.MavenLaunchDelegate - C:\Users\admin\Desktop\Project_Workspace_Collab\socialnetworking
2017-03-21 10:07:44,433 [Worker-27] INFO  o.e.m.i.launch.MavenLaunchDelegate -  mvn  -B clean compile install
2017-03-21 10:09:44,477 [Worker-39] WARN  o.e.m.c.i.embedder.EclipseLogger - Using platform encoding (Cp1252 actually) to copy filtered resources, i.e. build is platform dependent!
2017-03-21 10:09:44,483 [Worker-39] INFO  o.e.m.c.i.embedder.EclipseLogger - Copying 0 resource
2017-03-21 10:09:44,487 [Worker-39] WARN  o.e.m.c.i.embedder.EclipseLogger - Using platform encoding (Cp1252 actually) to copy filtered resources, i.e. build is platform dependent!
2017-03-21 10:09:44,490 [Worker-39] INFO  o.e.m.c.i.embedder.EclipseLogger - skip non existing resourceDirectory C:\Users\admin\Desktop\Project_Workspace_Collab\socialnetworking\src\test\resources
2017-03-21 10:09:54,968 [Worker-38] WARN  o.e.m.c.i.embedder.EclipseLogger - Using platform encoding (Cp1252 actually) to copy filtered resources, i.e. build is platform dependent!
2017-03-21 10:09:54,972 [Worker-38] INFO  o.e.m.c.i.embedder.EclipseLogger - Copying 0 resource
2017-03-21 10:09:54,976 [Worker-38] WARN  o.e.m.c.i.embedder.EclipseLogger - Using platform encoding (Cp1252 actually) to copy filtered resources, i.e. build is platform dependent!
2017-03-21 10:09:54,979 [Worker-38] INFO  o.e.m.c.i.embedder.EclipseLogger - skip non existing resourceDirectory C:\Users\admin\Desktop\Project_Workspace_Collab\socialnetworking\src\test\resources
2017-03-21 10:10:12,183 [Worker-27] INFO  o.e.m.c.i.p.ProjectConfigurationManager - Update started
2017-03-21 10:10:15,328 [Worker-27] INFO  o.e.m.c.i.l.LifecycleMappingFactory - Using org.maven.ide.eclipse.wtp.WarLifecycleMapping lifecycle mapping for MavenProject: org:socialnetworking:0.0.1-SNAPSHOT @ C:\Users\admin\Desktop\Project_Workspace_Collab\socialnetworking\pom.xml.
2017-03-21 10:10:22,180 [Worker-27] INFO  o.e.m.j.i.AbstractJavaProjectConfigurator - Adding source folder /socialnetworking/src/main/java
2017-03-21 10:10:22,182 [Worker-27] INFO  o.e.m.j.i.AbstractJavaProjectConfigurator - Adding resource folder /socialnetworking/src/main/resources
2017-03-21 10:10:22,184 [Worker-27] INFO  o.e.m.j.i.AbstractJavaProjectConfigurator - Adding source folder /socialnetworking/src/test/java
2017-03-21 10:10:26,291 [Worker-27] INFO  o.e.m.w.i.f.ResourceFilteringBuildParticipant - Cleaning filtered folder for socialnetworking
2017-03-21 10:10:26,324 [Worker-27] INFO  o.e.m.c.i.p.ProjectConfigurationManager - Update completed: 14 sec
2017-03-21 10:10:28,943 [Worker-31] WARN  o.e.m.c.i.embedder.EclipseLogger - Using platform encoding (Cp1252 actually) to copy filtered resources, i.e. build is platform dependent!
2017-03-21 10:10:28,947 [Worker-31] INFO  o.e.m.c.i.embedder.EclipseLogger - Copying 0 resource
2017-03-21 10:10:28,952 [Worker-31] WARN  o.e.m.c.i.embedder.EclipseLogger - Using platform encoding (Cp1252 actually) to copy filtered resources, i.e. build is platform dependent!
2017-03-21 10:10:28,955 [Worker-31] INFO  o.e.m.c.i.embedder.EclipseLogger - skip non existing resourceDirectory C:\Users\admin\Desktop\Project_Workspace_Collab\socialnetworking\src\test\resources
2017-03-21 10:10:28,956 [Worker-31] INFO  o.e.m.w.i.f.ResourceFilteringBuildParticipant - Changed resources require a complete clean of filtered resources of socialnetworking
2017-03-21 10:10:28,978 [Worker-31] INFO  o.e.m.w.i.f.ResourceFilteringBuildParticipant - Executing resource filtering for socialnetworking
2017-03-21 10:10:29,046 [Worker-31] WARN  o.e.m.c.i.embedder.EclipseLogger - Using platform encoding (Cp1252 actually) to copy filtered resources, i.e. build is platform dependent!
2017-03-21 10:10:43,379 [main] INFO  o.e.m2e.actions.ExecutePomAction - Creating new launch configuration
2017-03-21 10:10:57,393 [Worker-38] INFO  o.e.m.i.launch.MavenLaunchDelegate - C:\Users\admin\Desktop\Project_Workspace_Collab\socialnetworking
2017-03-21 10:10:57,394 [Worker-38] INFO  o.e.m.i.launch.MavenLaunchDelegate -  mvn  -B clean compile install
2017-03-21 10:11:58,411 [Worker-38] WARN  o.e.m.c.i.embedder.EclipseLogger - Using platform encoding (Cp1252 actually) to copy filtered resources, i.e. build is platform dependent!
2017-03-21 10:11:58,417 [Worker-38] INFO  o.e.m.c.i.embedder.EclipseLogger - Copying 0 resource
2017-03-21 10:11:58,419 [Worker-38] WARN  o.e.m.c.i.embedder.EclipseLogger - Using platform encoding (Cp1252 actually) to copy filtered resources, i.e. build is platform dependent!
2017-03-21 10:11:58,422 [Worker-38] INFO  o.e.m.c.i.embedder.EclipseLogger - skip non existing resourceDirectory C:\Users\admin\Desktop\Project_Workspace_Collab\socialnetworking\src\test\resources
2017-03-21 10:12:54,203 [Worker-44] WARN  o.e.m.c.i.embedder.EclipseLogger - Using platform encoding (Cp1252 actually) to copy filtered resources, i.e. build is platform dependent!
2017-03-21 10:12:54,208 [Worker-44] INFO  o.e.m.c.i.embedder.EclipseLogger - Copying 0 resource
2017-03-21 10:12:54,212 [Worker-44] WARN  o.e.m.c.i.embedder.EclipseLogger - Using platform encoding (Cp1252 actually) to copy filtered resources, i.e. build is platform dependent!
2017-03-21 10:12:54,215 [Worker-44] INFO  o.e.m.c.i.embedder.EclipseLogger - skip non existing resourceDirectory C:\Users\admin\Desktop\Project_Workspace_Collab\socialnetworking\src\test\resources
2017-03-21 10:35:25,099 [Worker-50] WARN  o.e.m.c.i.embedder.EclipseLogger - Using platform encoding (Cp1252 actually) to copy filtered resources, i.e. build is platform dependent!
2017-03-21 10:35:25,104 [Worker-50] INFO  o.e.m.c.i.embedder.EclipseLogger - Copying 0 resource
2017-03-21 10:35:25,108 [Worker-50] WARN  o.e.m.c.i.embedder.EclipseLogger - Using platform encoding (Cp1252 actually) to copy filtered resources, i.e. build is platform dependent!
2017-03-21 10:35:25,111 [Worker-50] INFO  o.e.m.c.i.embedder.EclipseLogger - skip non existing resourceDirectory C:\Users\admin\Desktop\Project_Workspace_Collab\socialnetworking\src\test\resources
2017-03-21 10:36:19,906 [Worker-51] WARN  o.e.m.c.i.embedder.EclipseLogger - Using platform encoding (Cp1252 actually) to copy filtered resources, i.e. build is platform dependent!
2017-03-21 10:36:19,909 [Worker-51] INFO  o.e.m.c.i.embedder.EclipseLogger - Copying 0 resource
2017-03-21 10:36:19,912 [Worker-51] WARN  o.e.m.c.i.embedder.EclipseLogger - Using platform encoding (Cp1252 actually) to copy filtered resources, i.e. build is platform dependent!
2017-03-21 10:36:19,914 [Worker-51] INFO  o.e.m.c.i.embedder.EclipseLogger - skip non existing resourceDirectory C:\Users\admin\Desktop\Project_Workspace_Collab\socialnetworking\src\test\resources
2017-03-21 10:36:27,193 [ModalContext] WARN  o.e.m.c.i.embedder.EclipseLogger - Using platform encoding (Cp1252 actually) to copy filtered resources, i.e. build is platform dependent!
2017-03-21 10:36:27,198 [ModalContext] INFO  o.e.m.c.i.embedder.EclipseLogger - Copying 0 resource
2017-03-21 10:36:27,200 [ModalContext] WARN  o.e.m.c.i.embedder.EclipseLogger - Using platform encoding (Cp1252 actually) to copy filtered resources, i.e. build is platform dependent!
2017-03-21 10:36:27,203 [ModalContext] INFO  o.e.m.c.i.embedder.EclipseLogger - skip non existing resourceDirectory C:\Users\admin\Desktop\Project_Workspace_Collab\socialnetworking\src\test\resources
2017-03-21 10:47:52,460 [Worker-53] WARN  o.e.m.c.i.embedder.EclipseLogger - Using platform encoding (Cp1252 actually) to copy filtered resources, i.e. build is platform dependent!
2017-03-21 10:47:52,464 [Worker-53] INFO  o.e.m.c.i.embedder.EclipseLogger - Copying 0 resource
2017-03-21 10:47:52,467 [Worker-53] WARN  o.e.m.c.i.embedder.EclipseLogger - Using platform encoding (Cp1252 actually) to copy filtered resources, i.e. build is platform dependent!
2017-03-21 10:47:52,469 [Worker-53] INFO  o.e.m.c.i.embedder.EclipseLogger - skip non existing resourceDirectory C:\Users\admin\Desktop\Project_Workspace_Collab\socialnetworking\src\test\resources
2017-03-21 10:50:11,331 [Worker-53] WARN  o.e.m.c.i.embedder.EclipseLogger - Using platform encoding (Cp1252 actually) to copy filtered resources, i.e. build is platform dependent!
2017-03-21 10:50:11,336 [Worker-53] INFO  o.e.m.c.i.embedder.EclipseLogger - Copying 0 resource
2017-03-21 10:50:11,340 [Worker-53] WARN  o.e.m.c.i.embedder.EclipseLogger - Using platform encoding (Cp1252 actually) to copy filtered resources, i.e. build is platform dependent!
2017-03-21 10:50:11,342 [Worker-53] INFO  o.e.m.c.i.embedder.EclipseLogger - skip non existing resourceDirectory C:\Users\admin\Desktop\Project_Workspace_Collab\socialnetworking\src\test\resources
2017-03-21 10:56:43,986 [Worker-61] WARN  o.e.m.c.i.embedder.EclipseLogger - Using platform encoding (Cp1252 actually) to copy filtered resources, i.e. build is platform dependent!
2017-03-21 10:56:43,992 [Worker-61] INFO  o.e.m.c.i.embedder.EclipseLogger - Copying 0 resource
2017-03-21 10:56:43,995 [Worker-61] WARN  o.e.m.c.i.embedder.EclipseLogger - Using platform encoding (Cp1252 actually) to copy filtered resources, i.e. build is platform dependent!
2017-03-21 10:56:43,997 [Worker-61] INFO  o.e.m.c.i.embedder.EclipseLogger - skip non existing resourceDirectory C:\Users\admin\Desktop\Project_Workspace_Collab\socialnetworking\src\test\resources
2017-03-21 10:57:30,762 [Worker-62] WARN  o.e.m.c.i.embedder.EclipseLogger - Using platform encoding (Cp1252 actually) to copy filtered resources, i.e. build is platform dependent!
2017-03-21 10:57:30,766 [Worker-62] INFO  o.e.m.c.i.embedder.EclipseLogger - Copying 0 resource
2017-03-21 10:57:30,768 [Worker-62] WARN  o.e.m.c.i.embedder.EclipseLogger - Using platform encoding (Cp1252 actually) to copy filtered resources, i.e. build is platform dependent!
2017-03-21 10:57:30,770 [Worker-62] INFO  o.e.m.c.i.embedder.EclipseLogger - skip non existing resourceDirectory C:\Users\admin\Desktop\Project_Workspace_Collab\socialnetworking\src\test\resources
2017-03-21 10:58:51,095 [Worker-59] WARN  o.e.m.c.i.embedder.EclipseLogger - Using platform encoding (Cp1252 actually) to copy filtered resources, i.e. build is platform dependent!
2017-03-21 10:58:51,099 [Worker-59] INFO  o.e.m.c.i.embedder.EclipseLogger - Copying 0 resource
2017-03-21 10:58:51,103 [Worker-59] WARN  o.e.m.c.i.embedder.EclipseLogger - Using platform encoding (Cp1252 actually) to copy filtered resources, i.e. build is platform dependent!
2017-03-21 10:58:51,105 [Worker-59] INFO  o.e.m.c.i.embedder.EclipseLogger - skip non existing resourceDirectory C:\Users\admin\Desktop\Project_Workspace_Collab\socialnetworking\src\test\resources
2017-03-21 11:01:23,244 [Worker-61] WARN  o.e.m.c.i.embedder.EclipseLogger - Using platform encoding (Cp1252 actually) to copy filtered resources, i.e. build is platform dependent!
2017-03-21 11:01:23,248 [Worker-61] INFO  o.e.m.c.i.embedder.EclipseLogger - Copying 0 resource
2017-03-21 11:01:23,251 [Worker-61] WARN  o.e.m.c.i.embedder.EclipseLogger - Using platform encoding (Cp1252 actually) to copy filtered resources, i.e. build is platform dependent!
2017-03-21 11:01:23,253 [Worker-61] INFO  o.e.m.c.i.embedder.EclipseLogger - skip non existing resourceDirectory C:\Users\admin\Desktop\Project_Workspace_Collab\socialnetworking\src\test\resources
2017-03-21 11:02:46,333 [Worker-67] WARN  o.e.m.c.i.embedder.EclipseLogger - Using platform encoding (Cp1252 actually) to copy filtered resources, i.e. build is platform dependent!
2017-03-21 11:02:46,338 [Worker-67] INFO  o.e.m.c.i.embedder.EclipseLogger - Copying 0 resource
2017-03-21 11:02:46,341 [Worker-67] WARN  o.e.m.c.i.embedder.EclipseLogger - Using platform encoding (Cp1252 actually) to copy filtered resources, i.e. build is platform dependent!
2017-03-21 11:02:46,343 [Worker-67] INFO  o.e.m.c.i.embedder.EclipseLogger - skip non existing resourceDirectory C:\Users\admin\Desktop\Project_Workspace_Collab\socialnetworking\src\test\resources
2017-03-21 11:03:41,456 [Worker-68] WARN  o.e.m.c.i.embedder.EclipseLogger - Using platform encoding (Cp1252 actually) to copy filtered resources, i.e. build is platform dependent!
2017-03-21 11:03:41,460 [Worker-68] INFO  o.e.m.c.i.embedder.EclipseLogger - Copying 0 resource
2017-03-21 11:03:41,464 [Worker-68] WARN  o.e.m.c.i.embedder.EclipseLogger - Using platform encoding (Cp1252 actually) to copy filtered resources, i.e. build is platform dependent!
2017-03-21 11:03:41,466 [Worker-68] INFO  o.e.m.c.i.embedder.EclipseLogger - skip non existing resourceDirectory C:\Users\admin\Desktop\Project_Workspace_Collab\socialnetworking\src\test\resources
2017-03-21 11:04:00,190 [Worker-67] WARN  o.e.m.c.i.embedder.EclipseLogger - Using platform encoding (Cp1252 actually) to copy filtered resources, i.e. build is platform dependent!
2017-03-21 11:04:00,194 [Worker-67] INFO  o.e.m.c.i.embedder.EclipseLogger - Copying 0 resource
2017-03-21 11:04:00,196 [Worker-67] WARN  o.e.m.c.i.embedder.EclipseLogger - Using platform encoding (Cp1252 actually) to copy filtered resources, i.e. build is platform dependent!
2017-03-21 11:04:00,198 [Worker-67] INFO  o.e.m.c.i.embedder.EclipseLogger - skip non existing resourceDirectory C:\Users\admin\Desktop\Project_Workspace_Collab\socialnetworking\src\test\resources
2017-03-21 11:04:27,820 [Worker-61] WARN  o.e.m.c.i.embedder.EclipseLogger - Using platform encoding (Cp1252 actually) to copy filtered resources, i.e. build is platform dependent!
2017-03-21 11:04:27,824 [Worker-61] INFO  o.e.m.c.i.embedder.EclipseLogger - Copying 0 resource
2017-03-21 11:04:27,830 [Worker-61] WARN  o.e.m.c.i.embedder.EclipseLogger - Using platform encoding (Cp1252 actually) to copy filtered resources, i.e. build is platform dependent!
2017-03-21 11:04:27,832 [Worker-61] INFO  o.e.m.c.i.embedder.EclipseLogger - skip non existing resourceDirectory C:\Users\admin\Desktop\Project_Workspace_Collab\socialnetworking\src\test\resources
2017-03-21 11:04:57,868 [Worker-53] WARN  o.e.m.c.i.embedder.EclipseLogger - Using platform encoding (Cp1252 actually) to copy filtered resources, i.e. build is platform dependent!
2017-03-21 11:04:57,871 [Worker-53] INFO  o.e.m.c.i.embedder.EclipseLogger - Copying 0 resource
2017-03-21 11:04:57,873 [Worker-53] WARN  o.e.m.c.i.embedder.EclipseLogger - Using platform encoding (Cp1252 actually) to copy filtered resources, i.e. build is platform dependent!
2017-03-21 11:04:57,875 [Worker-53] INFO  o.e.m.c.i.embedder.EclipseLogger - skip non existing resourceDirectory C:\Users\admin\Desktop\Project_Workspace_Collab\socialnetworking\src\test\resources
2017-03-21 11:05:04,461 [Worker-69] WARN  o.e.m.c.i.embedder.EclipseLogger - Using platform encoding (Cp1252 actually) to copy filtered resources, i.e. build is platform dependent!
2017-03-21 11:05:04,465 [Worker-69] INFO  o.e.m.c.i.embedder.EclipseLogger - Copying 0 resource
2017-03-21 11:05:04,468 [Worker-69] WARN  o.e.m.c.i.embedder.EclipseLogger - Using platform encoding (Cp1252 actually) to copy filtered resources, i.e. build is platform dependent!
2017-03-21 11:05:04,470 [Worker-69] INFO  o.e.m.c.i.embedder.EclipseLogger - skip non existing resourceDirectory C:\Users\admin\Desktop\Project_Workspace_Collab\socialnetworking\src\test\resources
2017-03-21 11:05:12,441 [Worker-65] WARN  o.e.m.c.i.embedder.EclipseLogger - Using platform encoding (Cp1252 actually) to copy filtered resources, i.e. build is platform dependent!
2017-03-21 11:05:12,444 [Worker-65] INFO  o.e.m.c.i.embedder.EclipseLogger - Copying 0 resource
2017-03-21 11:05:12,447 [Worker-65] WARN  o.e.m.c.i.embedder.EclipseLogger - Using platform encoding (Cp1252 actually) to copy filtered resources, i.e. build is platform dependent!
2017-03-21 11:05:12,449 [Worker-65] INFO  o.e.m.c.i.embedder.EclipseLogger - skip non existing resourceDirectory C:\Users\admin\Desktop\Project_Workspace_Collab\socialnetworking\src\test\resources
2017-03-21 11:05:42,786 [Worker-66] WARN  o.e.m.c.i.embedder.EclipseLogger - Using platform encoding (Cp1252 actually) to copy filtered resources, i.e. build is platform dependent!
2017-03-21 11:05:42,790 [Worker-66] INFO  o.e.m.c.i.embedder.EclipseLogger - Copying 0 resource
2017-03-21 11:05:42,792 [Worker-66] WARN  o.e.m.c.i.embedder.EclipseLogger - Using platform encoding (Cp1252 actually) to copy filtered resources, i.e. build is platform dependent!
2017-03-21 11:05:42,794 [Worker-66] INFO  o.e.m.c.i.embedder.EclipseLogger - skip non existing resourceDirectory C:\Users\admin\Desktop\Project_Workspace_Collab\socialnetworking\src\test\resources
2017-03-21 11:07:34,626 [Worker-71] WARN  o.e.m.c.i.embedder.EclipseLogger - Using platform encoding (Cp1252 actually) to copy filtered resources, i.e. build is platform dependent!
2017-03-21 11:07:34,631 [Worker-71] INFO  o.e.m.c.i.embedder.EclipseLogger - Copying 0 resource
2017-03-21 11:07:34,633 [Worker-71] WARN  o.e.m.c.i.embedder.EclipseLogger - Using platform encoding (Cp1252 actually) to copy filtered resources, i.e. build is platform dependent!
2017-03-21 11:07:34,636 [Worker-71] INFO  o.e.m.c.i.embedder.EclipseLogger - skip non existing resourceDirectory C:\Users\admin\Desktop\Project_Workspace_Collab\socialnetworking\src\test\resources
2017-03-21 11:07:40,562 [Worker-67] WARN  o.e.m.c.i.embedder.EclipseLogger - Using platform encoding (Cp1252 actually) to copy filtered resources, i.e. build is platform dependent!
2017-03-21 11:07:40,565 [Worker-67] INFO  o.e.m.c.i.embedder.EclipseLogger - Copying 0 resource
2017-03-21 11:07:40,568 [Worker-67] WARN  o.e.m.c.i.embedder.EclipseLogger - Using platform encoding (Cp1252 actually) to copy filtered resources, i.e. build is platform dependent!
2017-03-21 11:07:40,571 [Worker-67] INFO  o.e.m.c.i.embedder.EclipseLogger - skip non existing resourceDirectory C:\Users\admin\Desktop\Project_Workspace_Collab\socialnetworking\src\test\resources
2017-03-21 11:07:51,629 [Worker-69] WARN  o.e.m.c.i.embedder.EclipseLogger - Using platform encoding (Cp1252 actually) to copy filtered resources, i.e. build is platform dependent!
2017-03-21 11:07:51,634 [Worker-69] INFO  o.e.m.c.i.embedder.EclipseLogger - Copying 0 resource
2017-03-21 11:07:51,637 [Worker-69] WARN  o.e.m.c.i.embedder.EclipseLogger - Using platform encoding (Cp1252 actually) to copy filtered resources, i.e. build is platform dependent!
2017-03-21 11:07:51,639 [Worker-69] INFO  o.e.m.c.i.embedder.EclipseLogger - skip non existing resourceDirectory C:\Users\admin\Desktop\Project_Workspace_Collab\socialnetworking\src\test\resources
2017-03-21 11:09:06,126 [Worker-61] WARN  o.e.m.c.i.embedder.EclipseLogger - Using platform encoding (Cp1252 actually) to copy filtered resources, i.e. build is platform dependent!
2017-03-21 11:09:06,129 [Worker-61] INFO  o.e.m.c.i.embedder.EclipseLogger - Copying 0 resource
2017-03-21 11:09:06,131 [Worker-61] WARN  o.e.m.c.i.embedder.EclipseLogger - Using platform encoding (Cp1252 actually) to copy filtered resources, i.e. build is platform dependent!
2017-03-21 11:09:06,133 [Worker-61] INFO  o.e.m.c.i.embedder.EclipseLogger - skip non existing resourceDirectory C:\Users\admin\Desktop\Project_Workspace_Collab\socialnetworking\src\test\resources
2017-03-21 11:09:17,866 [Worker-73] WARN  o.e.m.c.i.embedder.EclipseLogger - Using platform encoding (Cp1252 actually) to copy filtered resources, i.e. build is platform dependent!
2017-03-21 11:09:17,870 [Worker-73] INFO  o.e.m.c.i.embedder.EclipseLogger - Copying 0 resource
2017-03-21 11:09:17,873 [Worker-73] WARN  o.e.m.c.i.embedder.EclipseLogger - Using platform encoding (Cp1252 actually) to copy filtered resources, i.e. build is platform dependent!
2017-03-21 11:09:17,875 [Worker-73] INFO  o.e.m.c.i.embedder.EclipseLogger - skip non existing resourceDirectory C:\Users\admin\Desktop\Project_Workspace_Collab\socialnetworking\src\test\resources
2017-03-21 11:09:22,576 [Worker-74] WARN  o.e.m.c.i.embedder.EclipseLogger - Using platform encoding (Cp1252 actually) to copy filtered resources, i.e. build is platform dependent!
2017-03-21 11:09:22,581 [Worker-74] INFO  o.e.m.c.i.embedder.EclipseLogger - Copying 0 resource
2017-03-21 11:09:22,584 [Worker-74] WARN  o.e.m.c.i.embedder.EclipseLogger - Using platform encoding (Cp1252 actually) to copy filtered resources, i.e. build is platform dependent!
2017-03-21 11:09:22,586 [Worker-74] INFO  o.e.m.c.i.embedder.EclipseLogger - skip non existing resourceDirectory C:\Users\admin\Desktop\Project_Workspace_Collab\socialnetworking\src\test\resources
2017-03-21 11:09:42,820 [Worker-73] WARN  o.e.m.c.i.embedder.EclipseLogger - Using platform encoding (Cp1252 actually) to copy filtered resources, i.e. build is platform dependent!
2017-03-21 11:09:42,824 [Worker-73] INFO  o.e.m.c.i.embedder.EclipseLogger - Copying 0 resource
2017-03-21 11:09:42,826 [Worker-73] WARN  o.e.m.c.i.embedder.EclipseLogger - Using platform encoding (Cp1252 actually) to copy filtered resources, i.e. build is platform dependent!
2017-03-21 11:09:42,828 [Worker-73] INFO  o.e.m.c.i.embedder.EclipseLogger - skip non existing resourceDirectory C:\Users\admin\Desktop\Project_Workspace_Collab\socialnetworking\src\test\resources
2017-03-21 11:09:55,670 [Worker-70] WARN  o.e.m.c.i.embedder.EclipseLogger - Using platform encoding (Cp1252 actually) to copy filtered resources, i.e. build is platform dependent!
2017-03-21 11:09:55,674 [Worker-70] INFO  o.e.m.c.i.embedder.EclipseLogger - Copying 0 resource
2017-03-21 11:09:55,676 [Worker-70] WARN  o.e.m.c.i.embedder.EclipseLogger - Using platform encoding (Cp1252 actually) to copy filtered resources, i.e. build is platform dependent!
2017-03-21 11:09:55,678 [Worker-70] INFO  o.e.m.c.i.embedder.EclipseLogger - skip non existing resourceDirectory C:\Users\admin\Desktop\Project_Workspace_Collab\socialnetworking\src\test\resources
2017-03-21 11:11:38,820 [Worker-67] WARN  o.e.m.c.i.embedder.EclipseLogger - Using platform encoding (Cp1252 actually) to copy filtered resources, i.e. build is platform dependent!
2017-03-21 11:11:38,824 [Worker-67] INFO  o.e.m.c.i.embedder.EclipseLogger - Copying 0 resource
2017-03-21 11:11:38,826 [Worker-67] WARN  o.e.m.c.i.embedder.EclipseLogger - Using platform encoding (Cp1252 actually) to copy filtered resources, i.e. build is platform dependent!
2017-03-21 11:11:38,829 [Worker-67] INFO  o.e.m.c.i.embedder.EclipseLogger - skip non existing resourceDirectory C:\Users\admin\Desktop\Project_Workspace_Collab\socialnetworking\src\test\resources
2017-03-21 11:12:15,954 [Worker-61] WARN  o.e.m.c.i.embedder.EclipseLogger - Using platform encoding (Cp1252 actually) to copy filtered resources, i.e. build is platform dependent!
2017-03-21 11:12:15,958 [Worker-61] INFO  o.e.m.c.i.embedder.EclipseLogger - Copying 0 resource
2017-03-21 11:12:15,960 [Worker-61] WARN  o.e.m.c.i.embedder.EclipseLogger - Using platform encoding (Cp1252 actually) to copy filtered resources, i.e. build is platform dependent!
2017-03-21 11:12:15,961 [Worker-61] INFO  o.e.m.c.i.embedder.EclipseLogger - skip non existing resourceDirectory C:\Users\admin\Desktop\Project_Workspace_Collab\socialnetworking\src\test\resources
2017-03-21 11:13:33,050 [Worker-71] WARN  o.e.m.c.i.embedder.EclipseLogger - Using platform encoding (Cp1252 actually) to copy filtered resources, i.e. build is platform dependent!
2017-03-21 11:13:33,054 [Worker-71] INFO  o.e.m.c.i.embedder.EclipseLogger - Copying 0 resource
2017-03-21 11:13:33,056 [Worker-71] WARN  o.e.m.c.i.embedder.EclipseLogger - Using platform encoding (Cp1252 actually) to copy filtered resources, i.e. build is platform dependent!
2017-03-21 11:13:33,058 [Worker-71] INFO  o.e.m.c.i.embedder.EclipseLogger - skip non existing resourceDirectory C:\Users\admin\Desktop\Project_Workspace_Collab\socialnetworking\src\test\resources
2017-03-21 11:14:04,111 [Worker-67] WARN  o.e.m.c.i.embedder.EclipseLogger - Using platform encoding (Cp1252 actually) to copy filtered resources, i.e. build is platform dependent!
2017-03-21 11:14:04,115 [Worker-67] INFO  o.e.m.c.i.embedder.EclipseLogger - Copying 0 resource
2017-03-21 11:14:04,118 [Worker-67] WARN  o.e.m.c.i.embedder.EclipseLogger - Using platform encoding (Cp1252 actually) to copy filtered resources, i.e. build is platform dependent!
2017-03-21 11:14:04,120 [Worker-67] INFO  o.e.m.c.i.embedder.EclipseLogger - skip non existing resourceDirectory C:\Users\admin\Desktop\Project_Workspace_Collab\socialnetworking\src\test\resources
2017-03-21 11:14:20,384 [Worker-75] WARN  o.e.m.c.i.embedder.EclipseLogger - Using platform encoding (Cp1252 actually) to copy filtered resources, i.e. build is platform dependent!
2017-03-21 11:14:20,387 [Worker-75] INFO  o.e.m.c.i.embedder.EclipseLogger - Copying 0 resource
2017-03-21 11:14:20,389 [Worker-75] WARN  o.e.m.c.i.embedder.EclipseLogger - Using platform encoding (Cp1252 actually) to copy filtered resources, i.e. build is platform dependent!
2017-03-21 11:14:20,391 [Worker-75] INFO  o.e.m.c.i.embedder.EclipseLogger - skip non existing resourceDirectory C:\Users\admin\Desktop\Project_Workspace_Collab\socialnetworking\src\test\resources
2017-03-21 11:15:11,539 [Worker-71] WARN  o.e.m.c.i.embedder.EclipseLogger - Using platform encoding (Cp1252 actually) to copy filtered resources, i.e. build is platform dependent!
2017-03-21 11:15:11,544 [Worker-71] INFO  o.e.m.c.i.embedder.EclipseLogger - Copying 0 resource
2017-03-21 11:15:11,547 [Worker-71] WARN  o.e.m.c.i.embedder.EclipseLogger - Using platform encoding (Cp1252 actually) to copy filtered resources, i.e. build is platform dependent!
2017-03-21 11:15:11,549 [Worker-71] INFO  o.e.m.c.i.embedder.EclipseLogger - skip non existing resourceDirectory C:\Users\admin\Desktop\Project_Workspace_Collab\socialnetworking\src\test\resources
2017-03-21 11:15:25,701 [Worker-73] WARN  o.e.m.c.i.embedder.EclipseLogger - Using platform encoding (Cp1252 actually) to copy filtered resources, i.e. build is platform dependent!
2017-03-21 11:15:25,704 [Worker-73] INFO  o.e.m.c.i.embedder.EclipseLogger - Copying 0 resource
2017-03-21 11:15:25,706 [Worker-73] WARN  o.e.m.c.i.embedder.EclipseLogger - Using platform encoding (Cp1252 actually) to copy filtered resources, i.e. build is platform dependent!
2017-03-21 11:15:25,708 [Worker-73] INFO  o.e.m.c.i.embedder.EclipseLogger - skip non existing resourceDirectory C:\Users\admin\Desktop\Project_Workspace_Collab\socialnetworking\src\test\resources
2017-03-21 11:15:40,071 [Worker-75] WARN  o.e.m.c.i.embedder.EclipseLogger - Using platform encoding (Cp1252 actually) to copy filtered resources, i.e. build is platform dependent!
2017-03-21 11:15:40,074 [Worker-75] INFO  o.e.m.c.i.embedder.EclipseLogger - Copying 0 resource
2017-03-21 11:15:40,076 [Worker-75] WARN  o.e.m.c.i.embedder.EclipseLogger - Using platform encoding (Cp1252 actually) to copy filtered resources, i.e. build is platform dependent!
2017-03-21 11:15:40,077 [Worker-75] INFO  o.e.m.c.i.embedder.EclipseLogger - skip non existing resourceDirectory C:\Users\admin\Desktop\Project_Workspace_Collab\socialnetworking\src\test\resources
2017-03-21 11:16:25,457 [Worker-67] WARN  o.e.m.c.i.embedder.EclipseLogger - Using platform encoding (Cp1252 actually) to copy filtered resources, i.e. build is platform dependent!
2017-03-21 11:16:25,460 [Worker-67] INFO  o.e.m.c.i.embedder.EclipseLogger - Copying 0 resource
2017-03-21 11:16:25,461 [Worker-67] WARN  o.e.m.c.i.embedder.EclipseLogger - Using platform encoding (Cp1252 actually) to copy filtered resources, i.e. build is platform dependent!
2017-03-21 11:16:25,464 [Worker-67] INFO  o.e.m.c.i.embedder.EclipseLogger - skip non existing resourceDirectory C:\Users\admin\Desktop\Project_Workspace_Collab\socialnetworking\src\test\resources
2017-03-21 11:16:53,351 [Worker-71] WARN  o.e.m.c.i.embedder.EclipseLogger - Using platform encoding (Cp1252 actually) to copy filtered resources, i.e. build is platform dependent!
2017-03-21 11:16:53,356 [Worker-71] INFO  o.e.m.c.i.embedder.EclipseLogger - Copying 0 resource
2017-03-21 11:16:53,359 [Worker-71] WARN  o.e.m.c.i.embedder.EclipseLogger - Using platform encoding (Cp1252 actually) to copy filtered resources, i.e. build is platform dependent!
2017-03-21 11:16:53,361 [Worker-71] INFO  o.e.m.c.i.embedder.EclipseLogger - skip non existing resourceDirectory C:\Users\admin\Desktop\Project_Workspace_Collab\socialnetworking\src\test\resources
2017-03-21 11:17:23,860 [Worker-69] WARN  o.e.m.c.i.embedder.EclipseLogger - Using platform encoding (Cp1252 actually) to copy filtered resources, i.e. build is platform dependent!
2017-03-21 11:17:23,863 [Worker-69] INFO  o.e.m.c.i.embedder.EclipseLogger - Copying 0 resource
2017-03-21 11:17:23,865 [Worker-69] WARN  o.e.m.c.i.embedder.EclipseLogger - Using platform encoding (Cp1252 actually) to copy filtered resources, i.e. build is platform dependent!
2017-03-21 11:17:23,866 [Worker-69] INFO  o.e.m.c.i.embedder.EclipseLogger - skip non existing resourceDirectory C:\Users\admin\Desktop\Project_Workspace_Collab\socialnetworking\src\test\resources
2017-03-21 11:20:22,627 [Worker-69] WARN  o.e.m.c.i.embedder.EclipseLogger - Using platform encoding (Cp1252 actually) to copy filtered resources, i.e. build is platform dependent!
2017-03-21 11:20:22,631 [Worker-69] INFO  o.e.m.c.i.embedder.EclipseLogger - Copying 0 resource
2017-03-21 11:20:22,634 [Worker-69] WARN  o.e.m.c.i.embedder.EclipseLogger - Using platform encoding (Cp1252 actually) to copy filtered resources, i.e. build is platform dependent!
2017-03-21 11:20:22,637 [Worker-69] INFO  o.e.m.c.i.embedder.EclipseLogger - skip non existing resourceDirectory C:\Users\admin\Desktop\Project_Workspace_Collab\socialnetworking\src\test\resources
2017-03-21 11:20:35,896 [Worker-65] WARN  o.e.m.c.i.embedder.EclipseLogger - Using platform encoding (Cp1252 actually) to copy filtered resources, i.e. build is platform dependent!
2017-03-21 11:20:35,900 [Worker-65] INFO  o.e.m.c.i.embedder.EclipseLogger - Copying 0 resource
2017-03-21 11:20:35,903 [Worker-65] WARN  o.e.m.c.i.embedder.EclipseLogger - Using platform encoding (Cp1252 actually) to copy filtered resources, i.e. build is platform dependent!
2017-03-21 11:20:35,905 [Worker-65] INFO  o.e.m.c.i.embedder.EclipseLogger - skip non existing resourceDirectory C:\Users\admin\Desktop\Project_Workspace_Collab\socialnetworking\src\test\resources
2017-03-21 11:23:57,439 [Worker-69] WARN  o.e.m.c.i.embedder.EclipseLogger - Using platform encoding (Cp1252 actually) to copy filtered resources, i.e. build is platform dependent!
2017-03-21 11:23:57,444 [Worker-69] INFO  o.e.m.c.i.embedder.EclipseLogger - Copying 0 resource
2017-03-21 11:23:57,446 [Worker-69] WARN  o.e.m.c.i.embedder.EclipseLogger - Using platform encoding (Cp1252 actually) to copy filtered resources, i.e. build is platform dependent!
2017-03-21 11:23:57,448 [Worker-69] INFO  o.e.m.c.i.embedder.EclipseLogger - skip non existing resourceDirectory C:\Users\admin\Desktop\Project_Workspace_Collab\socialnetworking\src\test\resources
2017-03-21 11:24:03,888 [Worker-79] WARN  o.e.m.c.i.embedder.EclipseLogger - Using platform encoding (Cp1252 actually) to copy filtered resources, i.e. build is platform dependent!
2017-03-21 11:24:03,892 [Worker-79] INFO  o.e.m.c.i.embedder.EclipseLogger - Copying 0 resource
2017-03-21 11:24:03,894 [Worker-79] WARN  o.e.m.c.i.embedder.EclipseLogger - Using platform encoding (Cp1252 actually) to copy filtered resources, i.e. build is platform dependent!
2017-03-21 11:24:03,896 [Worker-79] INFO  o.e.m.c.i.embedder.EclipseLogger - skip non existing resourceDirectory C:\Users\admin\Desktop\Project_Workspace_Collab\socialnetworking\src\test\resources
2017-03-21 11:25:02,450 [Worker-76] WARN  o.e.m.c.i.embedder.EclipseLogger - Using platform encoding (Cp1252 actually) to copy filtered resources, i.e. build is platform dependent!
2017-03-21 11:25:02,453 [Worker-76] INFO  o.e.m.c.i.embedder.EclipseLogger - Copying 0 resource
2017-03-21 11:25:02,455 [Worker-76] WARN  o.e.m.c.i.embedder.EclipseLogger - Using platform encoding (Cp1252 actually) to copy filtered resources, i.e. build is platform dependent!
2017-03-21 11:25:02,457 [Worker-76] INFO  o.e.m.c.i.embedder.EclipseLogger - skip non existing resourceDirectory C:\Users\admin\Desktop\Project_Workspace_Collab\socialnetworking\src\test\resources
2017-03-21 11:25:12,133 [Worker-76] WARN  o.e.m.c.i.embedder.EclipseLogger - Using platform encoding (Cp1252 actually) to copy filtered resources, i.e. build is platform dependent!
2017-03-21 11:25:12,136 [Worker-76] INFO  o.e.m.c.i.embedder.EclipseLogger - Copying 0 resource
2017-03-21 11:25:12,139 [Worker-76] WARN  o.e.m.c.i.embedder.EclipseLogger - Using platform encoding (Cp1252 actually) to copy filtered resources, i.e. build is platform dependent!
2017-03-21 11:25:12,141 [Worker-76] INFO  o.e.m.c.i.embedder.EclipseLogger - skip non existing resourceDirectory C:\Users\admin\Desktop\Project_Workspace_Collab\socialnetworking\src\test\resources
2017-03-21 11:44:31,530 [Worker-76] WARN  o.e.m.c.i.embedder.EclipseLogger - Using platform encoding (Cp1252 actually) to copy filtered resources, i.e. build is platform dependent!
2017-03-21 11:44:31,534 [Worker-76] INFO  o.e.m.c.i.embedder.EclipseLogger - Copying 0 resource
2017-03-21 11:44:31,536 [Worker-76] WARN  o.e.m.c.i.embedder.EclipseLogger - Using platform encoding (Cp1252 actually) to copy filtered resources, i.e. build is platform dependent!
2017-03-21 11:44:31,538 [Worker-76] INFO  o.e.m.c.i.embedder.EclipseLogger - skip non existing resourceDirectory C:\Users\admin\Desktop\Project_Workspace_Collab\socialnetworking\src\test\resources
2017-03-21 11:44:52,429 [Worker-84] WARN  o.e.m.c.i.embedder.EclipseLogger - Using platform encoding (Cp1252 actually) to copy filtered resources, i.e. build is platform dependent!
2017-03-21 11:44:52,434 [Worker-84] INFO  o.e.m.c.i.embedder.EclipseLogger - Copying 0 resource
2017-03-21 11:44:52,436 [Worker-84] WARN  o.e.m.c.i.embedder.EclipseLogger - Using platform encoding (Cp1252 actually) to copy filtered resources, i.e. build is platform dependent!
2017-03-21 11:44:52,439 [Worker-84] INFO  o.e.m.c.i.embedder.EclipseLogger - skip non existing resourceDirectory C:\Users\admin\Desktop\Project_Workspace_Collab\socialnetworking\src\test\resources
2017-03-21 17:21:21,439 [Worker-137] WARN  o.e.m.c.i.embedder.EclipseLogger - Using platform encoding (Cp1252 actually) to copy filtered resources, i.e. build is platform dependent!
2017-03-21 17:21:21,444 [Worker-137] INFO  o.e.m.c.i.embedder.EclipseLogger - Copying 0 resource
2017-03-21 17:21:21,447 [Worker-137] WARN  o.e.m.c.i.embedder.EclipseLogger - Using platform encoding (Cp1252 actually) to copy filtered resources, i.e. build is platform dependent!
2017-03-21 17:21:21,450 [Worker-137] INFO  o.e.m.c.i.embedder.EclipseLogger - skip non existing resourceDirectory C:\Users\admin\Desktop\Project_Workspace_Collab\socialnetworking\src\test\resources
2017-03-21 17:22:28,049 [Worker-138] WARN  o.e.m.c.i.embedder.EclipseLogger - Using platform encoding (Cp1252 actually) to copy filtered resources, i.e. build is platform dependent!
2017-03-21 17:22:28,052 [Worker-138] INFO  o.e.m.c.i.embedder.EclipseLogger - Copying 0 resource
2017-03-21 17:22:28,054 [Worker-138] WARN  o.e.m.c.i.embedder.EclipseLogger - Using platform encoding (Cp1252 actually) to copy filtered resources, i.e. build is platform dependent!
2017-03-21 17:22:28,056 [Worker-138] INFO  o.e.m.c.i.embedder.EclipseLogger - skip non existing resourceDirectory C:\Users\admin\Desktop\Project_Workspace_Collab\socialnetworking\src\test\resources
2017-03-22 09:40:56,050 [Worker-155] WARN  o.e.m.c.i.embedder.EclipseLogger - Using platform encoding (Cp1252 actually) to copy filtered resources, i.e. build is platform dependent!
2017-03-22 09:40:56,056 [Worker-155] INFO  o.e.m.c.i.embedder.EclipseLogger - Copying 0 resource
2017-03-22 09:40:56,059 [Worker-155] WARN  o.e.m.c.i.embedder.EclipseLogger - Using platform encoding (Cp1252 actually) to copy filtered resources, i.e. build is platform dependent!
2017-03-22 09:40:56,062 [Worker-155] INFO  o.e.m.c.i.embedder.EclipseLogger - skip non existing resourceDirectory C:\Users\admin\Desktop\Project_Workspace_Collab\socialnetworking\src\test\resources
2017-03-22 09:41:16,051 [Worker-147] WARN  o.e.m.c.i.embedder.EclipseLogger - Using platform encoding (Cp1252 actually) to copy filtered resources, i.e. build is platform dependent!
2017-03-22 09:41:16,054 [Worker-147] INFO  o.e.m.c.i.embedder.EclipseLogger - Copying 0 resource
2017-03-22 09:41:16,056 [Worker-147] WARN  o.e.m.c.i.embedder.EclipseLogger - Using platform encoding (Cp1252 actually) to copy filtered resources, i.e. build is platform dependent!
2017-03-22 09:41:16,059 [Worker-147] INFO  o.e.m.c.i.embedder.EclipseLogger - skip non existing resourceDirectory C:\Users\admin\Desktop\Project_Workspace_Collab\socialnetworking\src\test\resources
2017-03-22 09:55:47,229 [Worker-165] WARN  o.e.m.c.i.embedder.EclipseLogger - Using platform encoding (Cp1252 actually) to copy filtered resources, i.e. build is platform dependent!
2017-03-22 09:55:47,234 [Worker-165] INFO  o.e.m.c.i.embedder.EclipseLogger - Copying 0 resource
2017-03-22 09:55:47,238 [Worker-165] WARN  o.e.m.c.i.embedder.EclipseLogger - Using platform encoding (Cp1252 actually) to copy filtered resources, i.e. build is platform dependent!
2017-03-22 09:55:47,241 [Worker-165] INFO  o.e.m.c.i.embedder.EclipseLogger - skip non existing resourceDirectory C:\Users\admin\Desktop\Project_Workspace_Collab\socialnetworking\src\test\resources
2017-03-22 10:21:07,713 [Worker-156] WARN  o.e.m.c.i.embedder.EclipseLogger - Using platform encoding (Cp1252 actually) to copy filtered resources, i.e. build is platform dependent!
2017-03-22 10:21:07,717 [Worker-156] INFO  o.e.m.c.i.embedder.EclipseLogger - Copying 0 resource
2017-03-22 10:21:07,720 [Worker-156] WARN  o.e.m.c.i.embedder.EclipseLogger - Using platform encoding (Cp1252 actually) to copy filtered resources, i.e. build is platform dependent!
2017-03-22 10:21:07,722 [Worker-156] INFO  o.e.m.c.i.embedder.EclipseLogger - skip non existing resourceDirectory C:\Users\admin\Desktop\Project_Workspace_Collab\socialnetworking\src\test\resources
2017-03-22 10:21:17,652 [Worker-171] WARN  o.e.m.c.i.embedder.EclipseLogger - Using platform encoding (Cp1252 actually) to copy filtered resources, i.e. build is platform dependent!
2017-03-22 10:21:17,657 [Worker-171] INFO  o.e.m.c.i.embedder.EclipseLogger - Copying 0 resource
2017-03-22 10:21:17,660 [Worker-171] WARN  o.e.m.c.i.embedder.EclipseLogger - Using platform encoding (Cp1252 actually) to copy filtered resources, i.e. build is platform dependent!
2017-03-22 10:21:17,662 [Worker-171] INFO  o.e.m.c.i.embedder.EclipseLogger - skip non existing resourceDirectory C:\Users\admin\Desktop\Project_Workspace_Collab\socialnetworking\src\test\resources
2017-03-22 10:21:24,566 [Worker-162] WARN  o.e.m.c.i.embedder.EclipseLogger - Using platform encoding (Cp1252 actually) to copy filtered resources, i.e. build is platform dependent!
2017-03-22 10:21:24,570 [Worker-162] INFO  o.e.m.c.i.embedder.EclipseLogger - Copying 0 resource
2017-03-22 10:21:24,573 [Worker-162] WARN  o.e.m.c.i.embedder.EclipseLogger - Using platform encoding (Cp1252 actually) to copy filtered resources, i.e. build is platform dependent!
2017-03-22 10:21:24,575 [Worker-162] INFO  o.e.m.c.i.embedder.EclipseLogger - skip non existing resourceDirectory C:\Users\admin\Desktop\Project_Workspace_Collab\socialnetworking\src\test\resources
2017-03-22 10:24:46,048 [Worker-174] WARN  o.e.m.c.i.embedder.EclipseLogger - Using platform encoding (Cp1252 actually) to copy filtered resources, i.e. build is platform dependent!
2017-03-22 10:24:46,053 [Worker-174] INFO  o.e.m.c.i.embedder.EclipseLogger - Copying 0 resource
2017-03-22 10:24:46,057 [Worker-174] WARN  o.e.m.c.i.embedder.EclipseLogger - Using platform encoding (Cp1252 actually) to copy filtered resources, i.e. build is platform dependent!
2017-03-22 10:24:46,059 [Worker-174] INFO  o.e.m.c.i.embedder.EclipseLogger - skip non existing resourceDirectory C:\Users\admin\Desktop\Project_Workspace_Collab\socialnetworking\src\test\resources
2017-03-22 10:24:52,089 [Worker-168] WARN  o.e.m.c.i.embedder.EclipseLogger - Using platform encoding (Cp1252 actually) to copy filtered resources, i.e. build is platform dependent!
2017-03-22 10:24:52,094 [Worker-168] INFO  o.e.m.c.i.embedder.EclipseLogger - Copying 0 resource
2017-03-22 10:24:52,100 [Worker-168] WARN  o.e.m.c.i.embedder.EclipseLogger - Using platform encoding (Cp1252 actually) to copy filtered resources, i.e. build is platform dependent!
2017-03-22 10:24:52,102 [Worker-168] INFO  o.e.m.c.i.embedder.EclipseLogger - skip non existing resourceDirectory C:\Users\admin\Desktop\Project_Workspace_Collab\socialnetworking\src\test\resources
2017-03-22 10:43:32,512 [Worker-168] WARN  o.e.m.c.i.embedder.EclipseLogger - Using platform encoding (Cp1252 actually) to copy filtered resources, i.e. build is platform dependent!
2017-03-22 10:43:32,516 [Worker-168] INFO  o.e.m.c.i.embedder.EclipseLogger - Copying 0 resource
2017-03-22 10:43:32,518 [Worker-168] WARN  o.e.m.c.i.embedder.EclipseLogger - Using platform encoding (Cp1252 actually) to copy filtered resources, i.e. build is platform dependent!
2017-03-22 10:43:32,520 [Worker-168] INFO  o.e.m.c.i.embedder.EclipseLogger - skip non existing resourceDirectory C:\Users\admin\Desktop\Project_Workspace_Collab\socialnetworking\src\test\resources
2017-03-22 11:19:15,674 [Worker-181] WARN  o.e.m.c.i.embedder.EclipseLogger - Using platform encoding (Cp1252 actually) to copy filtered resources, i.e. build is platform dependent!
2017-03-22 11:19:15,678 [Worker-181] INFO  o.e.m.c.i.embedder.EclipseLogger - Copying 0 resource
2017-03-22 11:19:15,681 [Worker-181] WARN  o.e.m.c.i.embedder.EclipseLogger - Using platform encoding (Cp1252 actually) to copy filtered resources, i.e. build is platform dependent!
2017-03-22 11:19:15,684 [Worker-181] INFO  o.e.m.c.i.embedder.EclipseLogger - skip non existing resourceDirectory C:\Users\admin\Desktop\Project_Workspace_Collab\socialnetworking\src\test\resources
2017-03-22 11:19:31,065 [Worker-181] WARN  o.e.m.c.i.embedder.EclipseLogger - Using platform encoding (Cp1252 actually) to copy filtered resources, i.e. build is platform dependent!
2017-03-22 11:19:31,072 [Worker-181] INFO  o.e.m.c.i.embedder.EclipseLogger - Copying 0 resource
2017-03-22 11:19:31,076 [Worker-181] WARN  o.e.m.c.i.embedder.EclipseLogger - Using platform encoding (Cp1252 actually) to copy filtered resources, i.e. build is platform dependent!
2017-03-22 11:19:31,079 [Worker-181] INFO  o.e.m.c.i.embedder.EclipseLogger - skip non existing resourceDirectory C:\Users\admin\Desktop\Project_Workspace_Collab\socialnetworking\src\test\resources
2017-03-22 11:20:21,631 [Worker-183] WARN  o.e.m.c.i.embedder.EclipseLogger - Using platform encoding (Cp1252 actually) to copy filtered resources, i.e. build is platform dependent!
2017-03-22 11:20:21,637 [Worker-183] INFO  o.e.m.c.i.embedder.EclipseLogger - Copying 0 resource
2017-03-22 11:20:21,640 [Worker-183] WARN  o.e.m.c.i.embedder.EclipseLogger - Using platform encoding (Cp1252 actually) to copy filtered resources, i.e. build is platform dependent!
2017-03-22 11:20:21,643 [Worker-183] INFO  o.e.m.c.i.embedder.EclipseLogger - skip non existing resourceDirectory C:\Users\admin\Desktop\Project_Workspace_Collab\socialnetworking\src\test\resources
2017-03-22 11:27:39,373 [Worker-179] WARN  o.e.m.c.i.embedder.EclipseLogger - Using platform encoding (Cp1252 actually) to copy filtered resources, i.e. build is platform dependent!
2017-03-22 11:27:39,378 [Worker-179] INFO  o.e.m.c.i.embedder.EclipseLogger - Copying 0 resource
2017-03-22 11:27:39,382 [Worker-179] WARN  o.e.m.c.i.embedder.EclipseLogger - Using platform encoding (Cp1252 actually) to copy filtered resources, i.e. build is platform dependent!
2017-03-22 11:27:39,385 [Worker-179] INFO  o.e.m.c.i.embedder.EclipseLogger - skip non existing resourceDirectory C:\Users\admin\Desktop\Project_Workspace_Collab\socialnetworking\src\test\resources
2017-03-23 09:30:28,328 [Worker-254] WARN  o.e.m.c.i.embedder.EclipseLogger - Using platform encoding (Cp1252 actually) to copy filtered resources, i.e. build is platform dependent!
2017-03-23 09:30:28,332 [Worker-254] INFO  o.e.m.c.i.embedder.EclipseLogger - Copying 0 resource
2017-03-23 09:30:28,335 [Worker-254] WARN  o.e.m.c.i.embedder.EclipseLogger - Using platform encoding (Cp1252 actually) to copy filtered resources, i.e. build is platform dependent!
2017-03-23 09:30:28,337 [Worker-254] INFO  o.e.m.c.i.embedder.EclipseLogger - skip non existing resourceDirectory C:\Users\admin\Desktop\Project_Workspace_Collab\socialnetworking\src\test\resources
2017-03-23 09:35:25,515 [Worker-255] WARN  o.e.m.c.i.embedder.EclipseLogger - Using platform encoding (Cp1252 actually) to copy filtered resources, i.e. build is platform dependent!
2017-03-23 09:35:25,517 [Worker-255] INFO  o.e.m.c.i.embedder.EclipseLogger - Copying 0 resource
2017-03-23 09:35:25,519 [Worker-255] WARN  o.e.m.c.i.embedder.EclipseLogger - Using platform encoding (Cp1252 actually) to copy filtered resources, i.e. build is platform dependent!
2017-03-23 09:35:25,521 [Worker-255] INFO  o.e.m.c.i.embedder.EclipseLogger - skip non existing resourceDirectory C:\Users\admin\Desktop\Project_Workspace_Collab\socialnetworking\src\test\resources
2017-03-23 09:35:36,188 [Worker-255] WARN  o.e.m.c.i.embedder.EclipseLogger - Using platform encoding (Cp1252 actually) to copy filtered resources, i.e. build is platform dependent!
2017-03-23 09:35:36,191 [Worker-255] INFO  o.e.m.c.i.embedder.EclipseLogger - Copying 0 resource
2017-03-23 09:35:36,195 [Worker-255] WARN  o.e.m.c.i.embedder.EclipseLogger - Using platform encoding (Cp1252 actually) to copy filtered resources, i.e. build is platform dependent!
2017-03-23 09:35:36,197 [Worker-255] INFO  o.e.m.c.i.embedder.EclipseLogger - skip non existing resourceDirectory C:\Users\admin\Desktop\Project_Workspace_Collab\socialnetworking\src\test\resources
2017-03-23 10:39:05,501 [Worker-248] WARN  o.e.m.c.i.embedder.EclipseLogger - Using platform encoding (Cp1252 actually) to copy filtered resources, i.e. build is platform dependent!
2017-03-23 10:39:05,521 [Worker-248] INFO  o.e.m.c.i.embedder.EclipseLogger - Copying 0 resource
2017-03-23 10:39:05,524 [Worker-248] WARN  o.e.m.c.i.embedder.EclipseLogger - Using platform encoding (Cp1252 actually) to copy filtered resources, i.e. build is platform dependent!
2017-03-23 10:39:05,526 [Worker-248] INFO  o.e.m.c.i.embedder.EclipseLogger - skip non existing resourceDirectory C:\Users\admin\Desktop\Project_Workspace_Collab\socialnetworking\src\test\resources
2017-03-23 10:39:52,275 [Worker-265] WARN  o.e.m.c.i.embedder.EclipseLogger - Using platform encoding (Cp1252 actually) to copy filtered resources, i.e. build is platform dependent!
2017-03-23 10:39:52,279 [Worker-265] INFO  o.e.m.c.i.embedder.EclipseLogger - Copying 0 resource
2017-03-23 10:39:52,282 [Worker-265] WARN  o.e.m.c.i.embedder.EclipseLogger - Using platform encoding (Cp1252 actually) to copy filtered resources, i.e. build is platform dependent!
2017-03-23 10:39:52,284 [Worker-265] INFO  o.e.m.c.i.embedder.EclipseLogger - skip non existing resourceDirectory C:\Users\admin\Desktop\Project_Workspace_Collab\socialnetworking\src\test\resources
2017-03-23 10:40:11,398 [Worker-268] INFO  o.e.m.c.i.p.ProjectConfigurationManager - Update started
2017-03-23 10:40:24,235 [Worker-268] INFO  o.e.m.c.i.l.LifecycleMappingFactory - Using org.maven.ide.eclipse.wtp.WarLifecycleMapping lifecycle mapping for MavenProject: org:socialnetworking:0.0.1-SNAPSHOT @ C:\Users\admin\Desktop\Project_Workspace_Collab\socialnetworking\pom.xml.
2017-03-23 10:40:37,292 [Worker-268] INFO  o.e.m.j.i.AbstractJavaProjectConfigurator - Adding source folder /socialnetworking/src/main/java
2017-03-23 10:40:37,294 [Worker-268] INFO  o.e.m.j.i.AbstractJavaProjectConfigurator - Adding resource folder /socialnetworking/src/main/resources
2017-03-23 10:40:37,295 [Worker-268] INFO  o.e.m.j.i.AbstractJavaProjectConfigurator - Adding source folder /socialnetworking/src/test/java
2017-03-23 10:40:41,123 [Worker-268] INFO  o.e.m.w.i.f.ResourceFilteringBuildParticipant - Cleaning filtered folder for socialnetworking
2017-03-23 10:40:41,161 [Worker-268] INFO  o.e.m.c.i.p.ProjectConfigurationManager - Update completed: 29 sec
2017-03-23 10:40:43,269 [Worker-248] WARN  o.e.m.c.i.embedder.EclipseLogger - Using platform encoding (Cp1252 actually) to copy filtered resources, i.e. build is platform dependent!
2017-03-23 10:40:43,272 [Worker-248] INFO  o.e.m.c.i.embedder.EclipseLogger - Copying 0 resource
2017-03-23 10:40:43,276 [Worker-248] WARN  o.e.m.c.i.embedder.EclipseLogger - Using platform encoding (Cp1252 actually) to copy filtered resources, i.e. build is platform dependent!
2017-03-23 10:40:43,278 [Worker-248] INFO  o.e.m.c.i.embedder.EclipseLogger - skip non existing resourceDirectory C:\Users\admin\Desktop\Project_Workspace_Collab\socialnetworking\src\test\resources
2017-03-23 10:40:43,278 [Worker-248] INFO  o.e.m.w.i.f.ResourceFilteringBuildParticipant - Changed resources require a complete clean of filtered resources of socialnetworking
2017-03-23 10:40:43,279 [Worker-248] INFO  o.e.m.w.i.f.ResourceFilteringBuildParticipant - Executing resource filtering for socialnetworking
2017-03-23 10:40:43,288 [Worker-248] WARN  o.e.m.c.i.embedder.EclipseLogger - Using platform encoding (Cp1252 actually) to copy filtered resources, i.e. build is platform dependent!
2017-03-23 11:02:49,168 [Worker-271] WARN  o.e.m.c.i.embedder.EclipseLogger - Using platform encoding (Cp1252 actually) to copy filtered resources, i.e. build is platform dependent!
2017-03-23 11:02:49,176 [Worker-271] INFO  o.e.m.c.i.embedder.EclipseLogger - Copying 0 resource
2017-03-23 11:02:49,178 [Worker-271] WARN  o.e.m.c.i.embedder.EclipseLogger - Using platform encoding (Cp1252 actually) to copy filtered resources, i.e. build is platform dependent!
2017-03-23 11:02:49,179 [Worker-271] INFO  o.e.m.c.i.embedder.EclipseLogger - skip non existing resourceDirectory C:\Users\admin\Desktop\Project_Workspace_Collab\socialnetworking\src\test\resources
2017-03-23 11:07:00,398 [Worker-278] WARN  o.e.m.c.i.embedder.EclipseLogger - Using platform encoding (Cp1252 actually) to copy filtered resources, i.e. build is platform dependent!
2017-03-23 11:07:00,401 [Worker-278] INFO  o.e.m.c.i.embedder.EclipseLogger - Copying 0 resource
2017-03-23 11:07:00,404 [Worker-278] WARN  o.e.m.c.i.embedder.EclipseLogger - Using platform encoding (Cp1252 actually) to copy filtered resources, i.e. build is platform dependent!
2017-03-23 11:07:00,406 [Worker-278] INFO  o.e.m.c.i.embedder.EclipseLogger - skip non existing resourceDirectory C:\Users\admin\Desktop\Project_Workspace_Collab\socialnetworking\src\test\resources
2017-03-23 12:32:56,207 [Worker-279] WARN  o.e.m.c.i.embedder.EclipseLogger - Using platform encoding (Cp1252 actually) to copy filtered resources, i.e. build is platform dependent!
2017-03-23 12:32:56,211 [Worker-279] INFO  o.e.m.c.i.embedder.EclipseLogger - Copying 0 resource
2017-03-23 12:32:56,214 [Worker-279] WARN  o.e.m.c.i.embedder.EclipseLogger - Using platform encoding (Cp1252 actually) to copy filtered resources, i.e. build is platform dependent!
2017-03-23 12:32:56,216 [Worker-279] INFO  o.e.m.c.i.embedder.EclipseLogger - skip non existing resourceDirectory C:\Users\admin\Desktop\Project_Workspace_Collab\socialnetworking\src\test\resources
2017-03-23 12:34:10,648 [Worker-291] WARN  o.e.m.c.i.embedder.EclipseLogger - Using platform encoding (Cp1252 actually) to copy filtered resources, i.e. build is platform dependent!
2017-03-23 12:34:10,652 [Worker-291] INFO  o.e.m.c.i.embedder.EclipseLogger - Copying 0 resource
2017-03-23 12:34:10,655 [Worker-291] WARN  o.e.m.c.i.embedder.EclipseLogger - Using platform encoding (Cp1252 actually) to copy filtered resources, i.e. build is platform dependent!
2017-03-23 12:34:10,657 [Worker-291] INFO  o.e.m.c.i.embedder.EclipseLogger - skip non existing resourceDirectory C:\Users\admin\Desktop\Project_Workspace_Collab\socialnetworking\src\test\resources
2017-03-23 12:34:38,418 [Worker-289] WARN  o.e.m.c.i.embedder.EclipseLogger - Using platform encoding (Cp1252 actually) to copy filtered resources, i.e. build is platform dependent!
2017-03-23 12:34:38,422 [Worker-289] INFO  o.e.m.c.i.embedder.EclipseLogger - Copying 0 resource
2017-03-23 12:34:38,424 [Worker-289] WARN  o.e.m.c.i.embedder.EclipseLogger - Using platform encoding (Cp1252 actually) to copy filtered resources, i.e. build is platform dependent!
2017-03-23 12:34:38,426 [Worker-289] INFO  o.e.m.c.i.embedder.EclipseLogger - skip non existing resourceDirectory C:\Users\admin\Desktop\Project_Workspace_Collab\socialnetworking\src\test\resources
2017-03-23 12:35:04,384 [Worker-296] WARN  o.e.m.c.i.embedder.EclipseLogger - Using platform encoding (Cp1252 actually) to copy filtered resources, i.e. build is platform dependent!
2017-03-23 12:35:04,387 [Worker-296] INFO  o.e.m.c.i.embedder.EclipseLogger - Copying 0 resource
2017-03-23 12:35:04,390 [Worker-296] WARN  o.e.m.c.i.embedder.EclipseLogger - Using platform encoding (Cp1252 actually) to copy filtered resources, i.e. build is platform dependent!
2017-03-23 12:35:04,392 [Worker-296] INFO  o.e.m.c.i.embedder.EclipseLogger - skip non existing resourceDirectory C:\Users\admin\Desktop\Project_Workspace_Collab\socialnetworking\src\test\resources
2017-03-23 12:35:09,286 [Worker-292] WARN  o.e.m.c.i.embedder.EclipseLogger - Using platform encoding (Cp1252 actually) to copy filtered resources, i.e. build is platform dependent!
2017-03-23 12:35:09,289 [Worker-292] INFO  o.e.m.c.i.embedder.EclipseLogger - Copying 0 resource
2017-03-23 12:35:09,291 [Worker-292] WARN  o.e.m.c.i.embedder.EclipseLogger - Using platform encoding (Cp1252 actually) to copy filtered resources, i.e. build is platform dependent!
2017-03-23 12:35:09,293 [Worker-292] INFO  o.e.m.c.i.embedder.EclipseLogger - skip non existing resourceDirectory C:\Users\admin\Desktop\Project_Workspace_Collab\socialnetworking\src\test\resources
2017-03-23 12:38:54,852 [Worker-279] WARN  o.e.m.c.i.embedder.EclipseLogger - Using platform encoding (Cp1252 actually) to copy filtered resources, i.e. build is platform dependent!
2017-03-23 12:38:54,856 [Worker-279] INFO  o.e.m.c.i.embedder.EclipseLogger - Copying 0 resource
2017-03-23 12:38:54,858 [Worker-279] WARN  o.e.m.c.i.embedder.EclipseLogger - Using platform encoding (Cp1252 actually) to copy filtered resources, i.e. build is platform dependent!
2017-03-23 12:38:54,861 [Worker-279] INFO  o.e.m.c.i.embedder.EclipseLogger - skip non existing resourceDirectory C:\Users\admin\Desktop\Project_Workspace_Collab\socialnetworking\src\test\resources
2017-03-23 12:48:47,099 [Worker-279] WARN  o.e.m.c.i.embedder.EclipseLogger - Using platform encoding (Cp1252 actually) to copy filtered resources, i.e. build is platform dependent!
2017-03-23 12:48:47,103 [Worker-279] INFO  o.e.m.c.i.embedder.EclipseLogger - Copying 0 resource
2017-03-23 12:48:47,105 [Worker-279] WARN  o.e.m.c.i.embedder.EclipseLogger - Using platform encoding (Cp1252 actually) to copy filtered resources, i.e. build is platform dependent!
2017-03-23 12:48:47,108 [Worker-279] INFO  o.e.m.c.i.embedder.EclipseLogger - skip non existing resourceDirectory C:\Users\admin\Desktop\Project_Workspace_Collab\socialnetworking\src\test\resources
2017-03-23 14:30:29,938 [Worker-312] WARN  o.e.m.c.i.embedder.EclipseLogger - Using platform encoding (Cp1252 actually) to copy filtered resources, i.e. build is platform dependent!
2017-03-23 14:30:29,942 [Worker-312] INFO  o.e.m.c.i.embedder.EclipseLogger - Copying 0 resource
2017-03-23 14:30:29,944 [Worker-312] WARN  o.e.m.c.i.embedder.EclipseLogger - Using platform encoding (Cp1252 actually) to copy filtered resources, i.e. build is platform dependent!
2017-03-23 14:30:29,947 [Worker-312] INFO  o.e.m.c.i.embedder.EclipseLogger - skip non existing resourceDirectory C:\Users\admin\Desktop\Project_Workspace_Collab\socialnetworking\src\test\resources
2017-03-23 14:30:38,123 [Worker-315] WARN  o.e.m.c.i.embedder.EclipseLogger - Using platform encoding (Cp1252 actually) to copy filtered resources, i.e. build is platform dependent!
2017-03-23 14:30:38,126 [Worker-315] INFO  o.e.m.c.i.embedder.EclipseLogger - Copying 0 resource
2017-03-23 14:30:38,128 [Worker-315] WARN  o.e.m.c.i.embedder.EclipseLogger - Using platform encoding (Cp1252 actually) to copy filtered resources, i.e. build is platform dependent!
2017-03-23 14:30:38,130 [Worker-315] INFO  o.e.m.c.i.embedder.EclipseLogger - skip non existing resourceDirectory C:\Users\admin\Desktop\Project_Workspace_Collab\socialnetworking\src\test\resources
2017-03-23 14:30:47,454 [Worker-312] WARN  o.e.m.c.i.embedder.EclipseLogger - Using platform encoding (Cp1252 actually) to copy filtered resources, i.e. build is platform dependent!
2017-03-23 14:30:47,459 [Worker-312] INFO  o.e.m.c.i.embedder.EclipseLogger - Copying 0 resource
2017-03-23 14:30:47,462 [Worker-312] WARN  o.e.m.c.i.embedder.EclipseLogger - Using platform encoding (Cp1252 actually) to copy filtered resources, i.e. build is platform dependent!
2017-03-23 14:30:47,465 [Worker-312] INFO  o.e.m.c.i.embedder.EclipseLogger - skip non existing resourceDirectory C:\Users\admin\Desktop\Project_Workspace_Collab\socialnetworking\src\test\resources
2017-03-23 14:30:54,040 [Worker-300] WARN  o.e.m.c.i.embedder.EclipseLogger - Using platform encoding (Cp1252 actually) to copy filtered resources, i.e. build is platform dependent!
2017-03-23 14:30:54,043 [Worker-300] INFO  o.e.m.c.i.embedder.EclipseLogger - Copying 0 resource
2017-03-23 14:30:54,046 [Worker-300] WARN  o.e.m.c.i.embedder.EclipseLogger - Using platform encoding (Cp1252 actually) to copy filtered resources, i.e. build is platform dependent!
2017-03-23 14:30:54,049 [Worker-300] INFO  o.e.m.c.i.embedder.EclipseLogger - skip non existing resourceDirectory C:\Users\admin\Desktop\Project_Workspace_Collab\socialnetworking\src\test\resources
2017-03-23 14:31:47,030 [Worker-300] WARN  o.e.m.c.i.embedder.EclipseLogger - Using platform encoding (Cp1252 actually) to copy filtered resources, i.e. build is platform dependent!
2017-03-23 14:31:47,034 [Worker-300] INFO  o.e.m.c.i.embedder.EclipseLogger - Copying 0 resource
2017-03-23 14:31:47,036 [Worker-300] WARN  o.e.m.c.i.embedder.EclipseLogger - Using platform encoding (Cp1252 actually) to copy filtered resources, i.e. build is platform dependent!
2017-03-23 14:31:47,038 [Worker-300] INFO  o.e.m.c.i.embedder.EclipseLogger - skip non existing resourceDirectory C:\Users\admin\Desktop\Project_Workspace_Collab\socialnetworking\src\test\resources
2017-03-23 14:57:27,244 [Worker-313] WARN  o.e.m.c.i.embedder.EclipseLogger - Using platform encoding (Cp1252 actually) to copy filtered resources, i.e. build is platform dependent!
2017-03-23 14:57:27,248 [Worker-313] INFO  o.e.m.c.i.embedder.EclipseLogger - Copying 0 resource
2017-03-23 14:57:27,253 [Worker-313] WARN  o.e.m.c.i.embedder.EclipseLogger - Using platform encoding (Cp1252 actually) to copy filtered resources, i.e. build is platform dependent!
2017-03-23 14:57:27,254 [Worker-313] INFO  o.e.m.c.i.embedder.EclipseLogger - skip non existing resourceDirectory C:\Users\admin\Desktop\Project_Workspace_Collab\socialnetworking\src\test\resources
2017-03-23 14:57:44,777 [Worker-316] WARN  o.e.m.c.i.embedder.EclipseLogger - Using platform encoding (Cp1252 actually) to copy filtered resources, i.e. build is platform dependent!
2017-03-23 14:57:44,780 [Worker-316] INFO  o.e.m.c.i.embedder.EclipseLogger - Copying 0 resource
2017-03-23 14:57:44,782 [Worker-316] WARN  o.e.m.c.i.embedder.EclipseLogger - Using platform encoding (Cp1252 actually) to copy filtered resources, i.e. build is platform dependent!
2017-03-23 14:57:44,784 [Worker-316] INFO  o.e.m.c.i.embedder.EclipseLogger - skip non existing resourceDirectory C:\Users\admin\Desktop\Project_Workspace_Collab\socialnetworking\src\test\resources
2017-03-23 14:58:32,722 [Worker-316] WARN  o.e.m.c.i.embedder.EclipseLogger - Using platform encoding (Cp1252 actually) to copy filtered resources, i.e. build is platform dependent!
2017-03-23 14:58:32,725 [Worker-316] INFO  o.e.m.c.i.embedder.EclipseLogger - Copying 0 resource
2017-03-23 14:58:32,728 [Worker-316] WARN  o.e.m.c.i.embedder.EclipseLogger - Using platform encoding (Cp1252 actually) to copy filtered resources, i.e. build is platform dependent!
2017-03-23 14:58:32,730 [Worker-316] INFO  o.e.m.c.i.embedder.EclipseLogger - skip non existing resourceDirectory C:\Users\admin\Desktop\Project_Workspace_Collab\socialnetworking\src\test\resources
2017-03-24 09:43:40,361 [Worker-337] WARN  o.e.m.c.i.embedder.EclipseLogger - Using platform encoding (Cp1252 actually) to copy filtered resources, i.e. build is platform dependent!
2017-03-24 09:43:40,392 [Worker-337] INFO  o.e.m.c.i.embedder.EclipseLogger - Copying 0 resource
2017-03-24 09:43:40,392 [Worker-337] WARN  o.e.m.c.i.embedder.EclipseLogger - Using platform encoding (Cp1252 actually) to copy filtered resources, i.e. build is platform dependent!
2017-03-24 09:43:40,392 [Worker-337] INFO  o.e.m.c.i.embedder.EclipseLogger - skip non existing resourceDirectory C:\Users\admin\Desktop\Project_Workspace_Collab\socialnetworking\src\test\resources
2017-03-24 09:44:27,980 [Worker-346] WARN  o.e.m.c.i.embedder.EclipseLogger - Using platform encoding (Cp1252 actually) to copy filtered resources, i.e. build is platform dependent!
2017-03-24 09:44:27,980 [Worker-346] INFO  o.e.m.c.i.embedder.EclipseLogger - Copying 0 resource
2017-03-24 09:44:27,980 [Worker-346] WARN  o.e.m.c.i.embedder.EclipseLogger - Using platform encoding (Cp1252 actually) to copy filtered resources, i.e. build is platform dependent!
2017-03-24 09:44:27,980 [Worker-346] INFO  o.e.m.c.i.embedder.EclipseLogger - skip non existing resourceDirectory C:\Users\admin\Desktop\Project_Workspace_Collab\socialnetworking\src\test\resources
2017-03-24 09:47:09,551 [Worker-350] WARN  o.e.m.c.i.embedder.EclipseLogger - Using platform encoding (Cp1252 actually) to copy filtered resources, i.e. build is platform dependent!
2017-03-24 09:47:09,551 [Worker-350] INFO  o.e.m.c.i.embedder.EclipseLogger - Copying 0 resource
2017-03-24 09:47:09,566 [Worker-350] WARN  o.e.m.c.i.embedder.EclipseLogger - Using platform encoding (Cp1252 actually) to copy filtered resources, i.e. build is platform dependent!
2017-03-24 09:47:09,566 [Worker-350] INFO  o.e.m.c.i.embedder.EclipseLogger - skip non existing resourceDirectory C:\Users\admin\Desktop\Project_Workspace_Collab\socialnetworking\src\test\resources
2017-03-24 09:47:37,557 [Worker-318] WARN  o.e.m.c.i.embedder.EclipseLogger - Using platform encoding (Cp1252 actually) to copy filtered resources, i.e. build is platform dependent!
2017-03-24 09:47:37,557 [Worker-318] INFO  o.e.m.c.i.embedder.EclipseLogger - Copying 0 resource
2017-03-24 09:47:37,573 [Worker-318] WARN  o.e.m.c.i.embedder.EclipseLogger - Using platform encoding (Cp1252 actually) to copy filtered resources, i.e. build is platform dependent!
2017-03-24 09:47:37,573 [Worker-318] INFO  o.e.m.c.i.embedder.EclipseLogger - skip non existing resourceDirectory C:\Users\admin\Desktop\Project_Workspace_Collab\socialnetworking\src\test\resources
2017-03-24 09:47:52,256 [Worker-351] WARN  o.e.m.c.i.embedder.EclipseLogger - Using platform encoding (Cp1252 actually) to copy filtered resources, i.e. build is platform dependent!
2017-03-24 09:47:52,271 [Worker-351] INFO  o.e.m.c.i.embedder.EclipseLogger - Copying 0 resource
2017-03-24 09:47:52,271 [Worker-351] WARN  o.e.m.c.i.embedder.EclipseLogger - Using platform encoding (Cp1252 actually) to copy filtered resources, i.e. build is platform dependent!
2017-03-24 09:47:52,271 [Worker-351] INFO  o.e.m.c.i.embedder.EclipseLogger - skip non existing resourceDirectory C:\Users\admin\Desktop\Project_Workspace_Collab\socialnetworking\src\test\resources
2017-03-24 10:40:50,728 [Worker-353] WARN  o.e.m.c.i.embedder.EclipseLogger - Using platform encoding (Cp1252 actually) to copy filtered resources, i.e. build is platform dependent!
2017-03-24 10:40:50,744 [Worker-353] INFO  o.e.m.c.i.embedder.EclipseLogger - Copying 0 resource
2017-03-24 10:40:50,744 [Worker-353] WARN  o.e.m.c.i.embedder.EclipseLogger - Using platform encoding (Cp1252 actually) to copy filtered resources, i.e. build is platform dependent!
2017-03-24 10:40:50,744 [Worker-353] INFO  o.e.m.c.i.embedder.EclipseLogger - skip non existing resourceDirectory C:\Users\admin\Desktop\Project_Workspace_Collab\socialnetworking\src\test\resources
2017-03-24 10:41:03,598 [Worker-343] WARN  o.e.m.c.i.embedder.EclipseLogger - Using platform encoding (Cp1252 actually) to copy filtered resources, i.e. build is platform dependent!
2017-03-24 10:41:03,598 [Worker-343] INFO  o.e.m.c.i.embedder.EclipseLogger - Copying 0 resource
2017-03-24 10:41:03,598 [Worker-343] WARN  o.e.m.c.i.embedder.EclipseLogger - Using platform encoding (Cp1252 actually) to copy filtered resources, i.e. build is platform dependent!
2017-03-24 10:41:03,598 [Worker-343] INFO  o.e.m.c.i.embedder.EclipseLogger - skip non existing resourceDirectory C:\Users\admin\Desktop\Project_Workspace_Collab\socialnetworking\src\test\resources
2017-03-24 10:43:20,276 [Worker-349] WARN  o.e.m.c.i.embedder.EclipseLogger - Using platform encoding (Cp1252 actually) to copy filtered resources, i.e. build is platform dependent!
2017-03-24 10:43:20,292 [Worker-349] INFO  o.e.m.c.i.embedder.EclipseLogger - Copying 0 resource
2017-03-24 10:43:20,292 [Worker-349] WARN  o.e.m.c.i.embedder.EclipseLogger - Using platform encoding (Cp1252 actually) to copy filtered resources, i.e. build is platform dependent!
2017-03-24 10:43:20,292 [Worker-349] INFO  o.e.m.c.i.embedder.EclipseLogger - skip non existing resourceDirectory C:\Users\admin\Desktop\Project_Workspace_Collab\socialnetworking\src\test\resources
2017-03-24 10:44:28,909 [ModalContext] WARN  o.e.m.c.i.embedder.EclipseLogger - Using platform encoding (Cp1252 actually) to copy filtered resources, i.e. build is platform dependent!
2017-03-24 10:44:28,909 [ModalContext] INFO  o.e.m.c.i.embedder.EclipseLogger - Copying 0 resource
2017-03-24 10:44:28,909 [ModalContext] WARN  o.e.m.c.i.embedder.EclipseLogger - Using platform encoding (Cp1252 actually) to copy filtered resources, i.e. build is platform dependent!
2017-03-24 10:44:28,909 [ModalContext] INFO  o.e.m.c.i.embedder.EclipseLogger - skip non existing resourceDirectory C:\Users\admin\Desktop\Project_Workspace_Collab\socialnetworking\src\test\resources
2017-03-24 10:44:30,461 [Worker-349] WARN  o.e.m.c.i.embedder.EclipseLogger - Using platform encoding (Cp1252 actually) to copy filtered resources, i.e. build is platform dependent!
2017-03-24 10:44:30,477 [Worker-349] INFO  o.e.m.c.i.embedder.EclipseLogger - Copying 0 resource
2017-03-24 10:44:30,477 [Worker-349] WARN  o.e.m.c.i.embedder.EclipseLogger - Using platform encoding (Cp1252 actually) to copy filtered resources, i.e. build is platform dependent!
2017-03-24 10:44:30,477 [Worker-349] INFO  o.e.m.c.i.embedder.EclipseLogger - skip non existing resourceDirectory C:\Users\admin\Desktop\Project_Workspace_Collab\socialnetworking\src\test\resources
2017-03-24 10:44:49,171 [Worker-349] WARN  o.e.m.c.i.embedder.EclipseLogger - Using platform encoding (Cp1252 actually) to copy filtered resources, i.e. build is platform dependent!
2017-03-24 10:44:49,171 [Worker-349] INFO  o.e.m.c.i.embedder.EclipseLogger - Copying 0 resource
2017-03-24 10:44:49,187 [Worker-349] WARN  o.e.m.c.i.embedder.EclipseLogger - Using platform encoding (Cp1252 actually) to copy filtered resources, i.e. build is platform dependent!
2017-03-24 10:44:49,187 [Worker-349] INFO  o.e.m.c.i.embedder.EclipseLogger - skip non existing resourceDirectory C:\Users\admin\Desktop\Project_Workspace_Collab\socialnetworking\src\test\resources
2017-03-24 10:45:44,266 [Worker-353] WARN  o.e.m.c.i.embedder.EclipseLogger - Using platform encoding (Cp1252 actually) to copy filtered resources, i.e. build is platform dependent!
2017-03-24 10:45:44,266 [Worker-353] INFO  o.e.m.c.i.embedder.EclipseLogger - Copying 0 resource
2017-03-24 10:45:44,266 [Worker-353] WARN  o.e.m.c.i.embedder.EclipseLogger - Using platform encoding (Cp1252 actually) to copy filtered resources, i.e. build is platform dependent!
2017-03-24 10:45:44,266 [Worker-353] INFO  o.e.m.c.i.embedder.EclipseLogger - skip non existing resourceDirectory C:\Users\admin\Desktop\Project_Workspace_Collab\socialnetworking\src\test\resources
2017-03-24 10:46:21,645 [Worker-349] WARN  o.e.m.c.i.embedder.EclipseLogger - Using platform encoding (Cp1252 actually) to copy filtered resources, i.e. build is platform dependent!
2017-03-24 10:46:21,645 [Worker-349] INFO  o.e.m.c.i.embedder.EclipseLogger - Copying 0 resource
2017-03-24 10:46:21,645 [Worker-349] WARN  o.e.m.c.i.embedder.EclipseLogger - Using platform encoding (Cp1252 actually) to copy filtered resources, i.e. build is platform dependent!
2017-03-24 10:46:21,645 [Worker-349] INFO  o.e.m.c.i.embedder.EclipseLogger - skip non existing resourceDirectory C:\Users\admin\Desktop\Project_Workspace_Collab\socialnetworking\src\test\resources
2017-03-24 10:46:53,272 [Worker-353] WARN  o.e.m.c.i.embedder.EclipseLogger - Using platform encoding (Cp1252 actually) to copy filtered resources, i.e. build is platform dependent!
2017-03-24 10:46:53,272 [Worker-353] INFO  o.e.m.c.i.embedder.EclipseLogger - Copying 0 resource
2017-03-24 10:46:53,287 [Worker-353] WARN  o.e.m.c.i.embedder.EclipseLogger - Using platform encoding (Cp1252 actually) to copy filtered resources, i.e. build is platform dependent!
2017-03-24 10:46:53,287 [Worker-353] INFO  o.e.m.c.i.embedder.EclipseLogger - skip non existing resourceDirectory C:\Users\admin\Desktop\Project_Workspace_Collab\socialnetworking\src\test\resources
2017-03-24 11:00:29,818 [Worker-369] WARN  o.e.m.c.i.embedder.EclipseLogger - Using platform encoding (Cp1252 actually) to copy filtered resources, i.e. build is platform dependent!
2017-03-24 11:00:29,833 [Worker-369] INFO  o.e.m.c.i.embedder.EclipseLogger - Copying 0 resource
2017-03-24 11:00:29,833 [Worker-369] WARN  o.e.m.c.i.embedder.EclipseLogger - Using platform encoding (Cp1252 actually) to copy filtered resources, i.e. build is platform dependent!
2017-03-24 11:00:29,833 [Worker-369] INFO  o.e.m.c.i.embedder.EclipseLogger - skip non existing resourceDirectory C:\Users\admin\Desktop\Project_Workspace_Collab\socialnetworking\src\test\resources
2017-03-24 11:01:43,423 [Worker-318] WARN  o.e.m.c.i.embedder.EclipseLogger - Using platform encoding (Cp1252 actually) to copy filtered resources, i.e. build is platform dependent!
2017-03-24 11:01:43,423 [Worker-318] INFO  o.e.m.c.i.embedder.EclipseLogger - Copying 0 resource
2017-03-24 11:01:43,423 [Worker-318] WARN  o.e.m.c.i.embedder.EclipseLogger - Using platform encoding (Cp1252 actually) to copy filtered resources, i.e. build is platform dependent!
2017-03-24 11:01:43,423 [Worker-318] INFO  o.e.m.c.i.embedder.EclipseLogger - skip non existing resourceDirectory C:\Users\admin\Desktop\Project_Workspace_Collab\socialnetworking\src\test\resources
2017-03-24 11:04:56,229 [Worker-318] WARN  o.e.m.c.i.embedder.EclipseLogger - Using platform encoding (Cp1252 actually) to copy filtered resources, i.e. build is platform dependent!
2017-03-24 11:04:56,244 [Worker-318] INFO  o.e.m.c.i.embedder.EclipseLogger - Copying 0 resource
2017-03-24 11:04:56,244 [Worker-318] WARN  o.e.m.c.i.embedder.EclipseLogger - Using platform encoding (Cp1252 actually) to copy filtered resources, i.e. build is platform dependent!
2017-03-24 11:04:56,244 [Worker-318] INFO  o.e.m.c.i.embedder.EclipseLogger - skip non existing resourceDirectory C:\Users\admin\Desktop\Project_Workspace_Collab\socialnetworking\src\test\resources
2017-03-24 11:17:43,499 [Worker-374] WARN  o.e.m.c.i.embedder.EclipseLogger - Using platform encoding (Cp1252 actually) to copy filtered resources, i.e. build is platform dependent!
2017-03-24 11:17:43,499 [Worker-374] INFO  o.e.m.c.i.embedder.EclipseLogger - Copying 0 resource
2017-03-24 11:17:43,499 [Worker-374] WARN  o.e.m.c.i.embedder.EclipseLogger - Using platform encoding (Cp1252 actually) to copy filtered resources, i.e. build is platform dependent!
2017-03-24 11:17:43,499 [Worker-374] INFO  o.e.m.c.i.embedder.EclipseLogger - skip non existing resourceDirectory C:\Users\admin\Desktop\Project_Workspace_Collab\socialnetworking\src\test\resources
2017-03-24 11:27:17,644 [Worker-375] WARN  o.e.m.c.i.embedder.EclipseLogger - Using platform encoding (Cp1252 actually) to copy filtered resources, i.e. build is platform dependent!
2017-03-24 11:27:17,644 [Worker-375] INFO  o.e.m.c.i.embedder.EclipseLogger - Copying 0 resource
2017-03-24 11:27:17,660 [Worker-375] WARN  o.e.m.c.i.embedder.EclipseLogger - Using platform encoding (Cp1252 actually) to copy filtered resources, i.e. build is platform dependent!
2017-03-24 11:27:17,660 [Worker-375] INFO  o.e.m.c.i.embedder.EclipseLogger - skip non existing resourceDirectory C:\Users\admin\Desktop\Project_Workspace_Collab\socialnetworking\src\test\resources
2017-03-24 11:27:53,047 [Worker-376] WARN  o.e.m.c.i.embedder.EclipseLogger - Using platform encoding (Cp1252 actually) to copy filtered resources, i.e. build is platform dependent!
2017-03-24 11:27:53,062 [Worker-376] INFO  o.e.m.c.i.embedder.EclipseLogger - Copying 0 resource
2017-03-24 11:27:53,062 [Worker-376] WARN  o.e.m.c.i.embedder.EclipseLogger - Using platform encoding (Cp1252 actually) to copy filtered resources, i.e. build is platform dependent!
2017-03-24 11:27:53,062 [Worker-376] INFO  o.e.m.c.i.embedder.EclipseLogger - skip non existing resourceDirectory C:\Users\admin\Desktop\Project_Workspace_Collab\socialnetworking\src\test\resources
2017-03-24 11:28:01,082 [Worker-366] WARN  o.e.m.c.i.embedder.EclipseLogger - Using platform encoding (Cp1252 actually) to copy filtered resources, i.e. build is platform dependent!
2017-03-24 11:28:01,082 [Worker-366] INFO  o.e.m.c.i.embedder.EclipseLogger - Copying 0 resource
2017-03-24 11:28:01,098 [Worker-366] WARN  o.e.m.c.i.embedder.EclipseLogger - Using platform encoding (Cp1252 actually) to copy filtered resources, i.e. build is platform dependent!
2017-03-24 11:28:01,098 [Worker-366] INFO  o.e.m.c.i.embedder.EclipseLogger - skip non existing resourceDirectory C:\Users\admin\Desktop\Project_Workspace_Collab\socialnetworking\src\test\resources
2017-03-24 11:28:07,983 [Worker-366] WARN  o.e.m.c.i.embedder.EclipseLogger - Using platform encoding (Cp1252 actually) to copy filtered resources, i.e. build is platform dependent!
2017-03-24 11:28:07,983 [Worker-366] INFO  o.e.m.c.i.embedder.EclipseLogger - Copying 0 resource
2017-03-24 11:28:07,983 [Worker-366] WARN  o.e.m.c.i.embedder.EclipseLogger - Using platform encoding (Cp1252 actually) to copy filtered resources, i.e. build is platform dependent!
2017-03-24 11:28:07,998 [Worker-366] INFO  o.e.m.c.i.embedder.EclipseLogger - skip non existing resourceDirectory C:\Users\admin\Desktop\Project_Workspace_Collab\socialnetworking\src\test\resources
2017-03-24 11:30:10,344 [Worker-378] WARN  o.e.m.c.i.embedder.EclipseLogger - Using platform encoding (Cp1252 actually) to copy filtered resources, i.e. build is platform dependent!
2017-03-24 11:30:10,344 [Worker-378] INFO  o.e.m.c.i.embedder.EclipseLogger - Copying 0 resource
2017-03-24 11:30:10,344 [Worker-378] WARN  o.e.m.c.i.embedder.EclipseLogger - Using platform encoding (Cp1252 actually) to copy filtered resources, i.e. build is platform dependent!
2017-03-24 11:30:10,344 [Worker-378] INFO  o.e.m.c.i.embedder.EclipseLogger - skip non existing resourceDirectory C:\Users\admin\Desktop\Project_Workspace_Collab\socialnetworking\src\test\resources
2017-03-24 11:32:00,935 [Worker-318] WARN  o.e.m.c.i.embedder.EclipseLogger - Using platform encoding (Cp1252 actually) to copy filtered resources, i.e. build is platform dependent!
2017-03-24 11:32:00,935 [Worker-318] INFO  o.e.m.c.i.embedder.EclipseLogger - Copying 0 resource
2017-03-24 11:32:00,951 [Worker-318] WARN  o.e.m.c.i.embedder.EclipseLogger - Using platform encoding (Cp1252 actually) to copy filtered resources, i.e. build is platform dependent!
2017-03-24 11:32:00,951 [Worker-318] INFO  o.e.m.c.i.embedder.EclipseLogger - skip non existing resourceDirectory C:\Users\admin\Desktop\Project_Workspace_Collab\socialnetworking\src\test\resources
2017-03-24 11:36:09,978 [Worker-381] WARN  o.e.m.c.i.embedder.EclipseLogger - Using platform encoding (Cp1252 actually) to copy filtered resources, i.e. build is platform dependent!
2017-03-24 11:36:09,994 [Worker-381] INFO  o.e.m.c.i.embedder.EclipseLogger - Copying 0 resource
2017-03-24 11:36:09,994 [Worker-381] WARN  o.e.m.c.i.embedder.EclipseLogger - Using platform encoding (Cp1252 actually) to copy filtered resources, i.e. build is platform dependent!
2017-03-24 11:36:09,994 [Worker-381] INFO  o.e.m.c.i.embedder.EclipseLogger - skip non existing resourceDirectory C:\Users\admin\Desktop\Project_Workspace_Collab\socialnetworking\src\test\resources
2017-03-24 11:36:15,533 [Worker-360] WARN  o.e.m.c.i.embedder.EclipseLogger - Using platform encoding (Cp1252 actually) to copy filtered resources, i.e. build is platform dependent!
2017-03-24 11:36:15,533 [Worker-360] INFO  o.e.m.c.i.embedder.EclipseLogger - Copying 0 resource
2017-03-24 11:36:15,533 [Worker-360] WARN  o.e.m.c.i.embedder.EclipseLogger - Using platform encoding (Cp1252 actually) to copy filtered resources, i.e. build is platform dependent!
2017-03-24 11:36:15,533 [Worker-360] INFO  o.e.m.c.i.embedder.EclipseLogger - skip non existing resourceDirectory C:\Users\admin\Desktop\Project_Workspace_Collab\socialnetworking\src\test\resources
2017-03-24 11:36:26,234 [Worker-383] WARN  o.e.m.c.i.embedder.EclipseLogger - Using platform encoding (Cp1252 actually) to copy filtered resources, i.e. build is platform dependent!
2017-03-24 11:36:26,234 [Worker-383] INFO  o.e.m.c.i.embedder.EclipseLogger - Copying 0 resource
2017-03-24 11:36:26,234 [Worker-383] WARN  o.e.m.c.i.embedder.EclipseLogger - Using platform encoding (Cp1252 actually) to copy filtered resources, i.e. build is platform dependent!
2017-03-24 11:36:26,234 [Worker-383] INFO  o.e.m.c.i.embedder.EclipseLogger - skip non existing resourceDirectory C:\Users\admin\Desktop\Project_Workspace_Collab\socialnetworking\src\test\resources
2017-03-24 11:36:31,754 [Worker-369] WARN  o.e.m.c.i.embedder.EclipseLogger - Using platform encoding (Cp1252 actually) to copy filtered resources, i.e. build is platform dependent!
2017-03-24 11:36:31,769 [Worker-369] INFO  o.e.m.c.i.embedder.EclipseLogger - Copying 0 resource
2017-03-24 11:36:31,769 [Worker-369] WARN  o.e.m.c.i.embedder.EclipseLogger - Using platform encoding (Cp1252 actually) to copy filtered resources, i.e. build is platform dependent!
2017-03-24 11:36:31,769 [Worker-369] INFO  o.e.m.c.i.embedder.EclipseLogger - skip non existing resourceDirectory C:\Users\admin\Desktop\Project_Workspace_Collab\socialnetworking\src\test\resources
2017-03-24 11:42:31,772 [Worker-380] WARN  o.e.m.c.i.embedder.EclipseLogger - Using platform encoding (Cp1252 actually) to copy filtered resources, i.e. build is platform dependent!
2017-03-24 11:42:31,772 [Worker-380] INFO  o.e.m.c.i.embedder.EclipseLogger - Copying 0 resource
2017-03-24 11:42:31,772 [Worker-380] WARN  o.e.m.c.i.embedder.EclipseLogger - Using platform encoding (Cp1252 actually) to copy filtered resources, i.e. build is platform dependent!
2017-03-24 11:42:31,772 [Worker-380] INFO  o.e.m.c.i.embedder.EclipseLogger - skip non existing resourceDirectory C:\Users\admin\Desktop\Project_Workspace_Collab\socialnetworking\src\test\resources
2017-03-24 12:01:48,485 [Worker-386] WARN  o.e.m.c.i.embedder.EclipseLogger - Using platform encoding (Cp1252 actually) to copy filtered resources, i.e. build is platform dependent!
2017-03-24 12:01:48,485 [Worker-386] INFO  o.e.m.c.i.embedder.EclipseLogger - Copying 0 resource
2017-03-24 12:01:48,485 [Worker-386] WARN  o.e.m.c.i.embedder.EclipseLogger - Using platform encoding (Cp1252 actually) to copy filtered resources, i.e. build is platform dependent!
2017-03-24 12:01:48,485 [Worker-386] INFO  o.e.m.c.i.embedder.EclipseLogger - skip non existing resourceDirectory C:\Users\admin\Desktop\Project_Workspace_Collab\socialnetworking\src\test\resources
2017-03-24 12:02:14,602 [Worker-389] WARN  o.e.m.c.i.embedder.EclipseLogger - Using platform encoding (Cp1252 actually) to copy filtered resources, i.e. build is platform dependent!
2017-03-24 12:02:14,602 [Worker-389] INFO  o.e.m.c.i.embedder.EclipseLogger - Copying 0 resource
2017-03-24 12:02:14,602 [Worker-389] WARN  o.e.m.c.i.embedder.EclipseLogger - Using platform encoding (Cp1252 actually) to copy filtered resources, i.e. build is platform dependent!
2017-03-24 12:02:14,602 [Worker-389] INFO  o.e.m.c.i.embedder.EclipseLogger - skip non existing resourceDirectory C:\Users\admin\Desktop\Project_Workspace_Collab\socialnetworking\src\test\resources
2017-03-24 12:02:40,524 [Worker-391] WARN  o.e.m.c.i.embedder.EclipseLogger - Using platform encoding (Cp1252 actually) to copy filtered resources, i.e. build is platform dependent!
2017-03-24 12:02:40,524 [Worker-391] INFO  o.e.m.c.i.embedder.EclipseLogger - Copying 0 resource
2017-03-24 12:02:40,524 [Worker-391] WARN  o.e.m.c.i.embedder.EclipseLogger - Using platform encoding (Cp1252 actually) to copy filtered resources, i.e. build is platform dependent!
2017-03-24 12:02:40,524 [Worker-391] INFO  o.e.m.c.i.embedder.EclipseLogger - skip non existing resourceDirectory C:\Users\admin\Desktop\Project_Workspace_Collab\socialnetworking\src\test\resources
2017-03-24 12:02:51,123 [Worker-381] WARN  o.e.m.c.i.embedder.EclipseLogger - Using platform encoding (Cp1252 actually) to copy filtered resources, i.e. build is platform dependent!
2017-03-24 12:02:51,139 [Worker-381] INFO  o.e.m.c.i.embedder.EclipseLogger - Copying 0 resource
2017-03-24 12:02:51,139 [Worker-381] WARN  o.e.m.c.i.embedder.EclipseLogger - Using platform encoding (Cp1252 actually) to copy filtered resources, i.e. build is platform dependent!
2017-03-24 12:02:51,139 [Worker-381] INFO  o.e.m.c.i.embedder.EclipseLogger - skip non existing resourceDirectory C:\Users\admin\Desktop\Project_Workspace_Collab\socialnetworking\src\test\resources
2017-03-24 12:03:00,912 [Worker-390] WARN  o.e.m.c.i.embedder.EclipseLogger - Using platform encoding (Cp1252 actually) to copy filtered resources, i.e. build is platform dependent!
2017-03-24 12:03:00,912 [Worker-390] INFO  o.e.m.c.i.embedder.EclipseLogger - Copying 0 resource
2017-03-24 12:03:00,928 [Worker-390] WARN  o.e.m.c.i.embedder.EclipseLogger - Using platform encoding (Cp1252 actually) to copy filtered resources, i.e. build is platform dependent!
2017-03-24 12:03:00,928 [Worker-390] INFO  o.e.m.c.i.embedder.EclipseLogger - skip non existing resourceDirectory C:\Users\admin\Desktop\Project_Workspace_Collab\socialnetworking\src\test\resources
2017-03-24 12:03:58,483 [Worker-395] WARN  o.e.m.c.i.embedder.EclipseLogger - Using platform encoding (Cp1252 actually) to copy filtered resources, i.e. build is platform dependent!
2017-03-24 12:03:58,483 [Worker-395] INFO  o.e.m.c.i.embedder.EclipseLogger - Copying 0 resource
2017-03-24 12:03:58,483 [Worker-395] WARN  o.e.m.c.i.embedder.EclipseLogger - Using platform encoding (Cp1252 actually) to copy filtered resources, i.e. build is platform dependent!
2017-03-24 12:03:58,483 [Worker-395] INFO  o.e.m.c.i.embedder.EclipseLogger - skip non existing resourceDirectory C:\Users\admin\Desktop\Project_Workspace_Collab\socialnetworking\src\test\resources
2017-03-24 12:04:17,030 [Worker-394] WARN  o.e.m.c.i.embedder.EclipseLogger - Using platform encoding (Cp1252 actually) to copy filtered resources, i.e. build is platform dependent!
2017-03-24 12:04:17,030 [Worker-394] INFO  o.e.m.c.i.embedder.EclipseLogger - Copying 0 resource
2017-03-24 12:04:17,030 [Worker-394] WARN  o.e.m.c.i.embedder.EclipseLogger - Using platform encoding (Cp1252 actually) to copy filtered resources, i.e. build is platform dependent!
2017-03-24 12:04:17,030 [Worker-394] INFO  o.e.m.c.i.embedder.EclipseLogger - skip non existing resourceDirectory C:\Users\admin\Desktop\Project_Workspace_Collab\socialnetworking\src\test\resources
2017-03-24 15:20:38,590 [Worker-433] INFO  o.e.m.c.i.p.ProjectConfigurationManager - Update started
2017-03-24 15:20:52,155 [Worker-433] INFO  o.e.m.c.i.l.LifecycleMappingFactory - Using org.maven.ide.eclipse.wtp.WarLifecycleMapping lifecycle mapping for MavenProject: org:socialnetworking:0.0.1-SNAPSHOT @ C:\Users\admin\Desktop\Project_Workspace_Collab\socialnetworking\pom.xml.
2017-03-24 15:21:06,203 [Worker-433] INFO  o.e.m.j.i.AbstractJavaProjectConfigurator - Adding source folder /socialnetworking/src/main/java
2017-03-24 15:21:06,203 [Worker-433] INFO  o.e.m.j.i.AbstractJavaProjectConfigurator - Adding resource folder /socialnetworking/src/main/resources
2017-03-24 15:21:06,203 [Worker-433] INFO  o.e.m.j.i.AbstractJavaProjectConfigurator - Adding source folder /socialnetworking/src/test/java
2017-03-24 15:21:10,813 [Worker-433] INFO  o.e.m.w.i.f.ResourceFilteringBuildParticipant - Cleaning filtered folder for socialnetworking
2017-03-24 15:21:10,845 [Worker-433] INFO  o.e.m.c.i.p.ProjectConfigurationManager - Update completed: 32 sec
2017-03-24 15:21:13,927 [Worker-433] WARN  o.e.m.c.i.embedder.EclipseLogger - Using platform encoding (Cp1252 actually) to copy filtered resources, i.e. build is platform dependent!
2017-03-24 15:21:13,927 [Worker-433] INFO  o.e.m.c.i.embedder.EclipseLogger - Copying 0 resource
2017-03-24 15:21:13,974 [Worker-433] WARN  o.e.m.c.i.embedder.EclipseLogger - Using platform encoding (Cp1252 actually) to copy filtered resources, i.e. build is platform dependent!
2017-03-24 15:21:13,974 [Worker-433] INFO  o.e.m.c.i.embedder.EclipseLogger - skip non existing resourceDirectory C:\Users\admin\Desktop\Project_Workspace_Collab\socialnetworking\src\test\resources
2017-03-24 15:21:13,974 [Worker-433] INFO  o.e.m.w.i.f.ResourceFilteringBuildParticipant - Changed resources require a complete clean of filtered resources of socialnetworking
2017-03-24 15:21:13,974 [Worker-433] INFO  o.e.m.w.i.f.ResourceFilteringBuildParticipant - Executing resource filtering for socialnetworking
2017-03-24 15:21:13,990 [Worker-433] WARN  o.e.m.c.i.embedder.EclipseLogger - Using platform encoding (Cp1252 actually) to copy filtered resources, i.e. build is platform dependent!
2017-03-27 09:14:26,518 [Worker-528] WARN  o.e.m.c.i.embedder.EclipseLogger - Using platform encoding (Cp1252 actually) to copy filtered resources, i.e. build is platform dependent!
2017-03-27 09:14:26,691 [Worker-528] INFO  o.e.m.c.i.embedder.EclipseLogger - Copying 0 resource
2017-03-27 09:14:26,691 [Worker-528] WARN  o.e.m.c.i.embedder.EclipseLogger - Using platform encoding (Cp1252 actually) to copy filtered resources, i.e. build is platform dependent!
2017-03-27 09:14:26,691 [Worker-528] INFO  o.e.m.c.i.embedder.EclipseLogger - skip non existing resourceDirectory C:\Users\admin\Desktop\Project_Workspace_Collab\socialnetworking\src\test\resources
2017-03-27 09:14:47,682 [Worker-547] INFO  o.e.m.c.i.p.ProjectConfigurationManager - Update started
2017-03-27 09:15:00,262 [Worker-547] INFO  o.e.m.c.i.l.LifecycleMappingFactory - Using org.maven.ide.eclipse.wtp.WarLifecycleMapping lifecycle mapping for MavenProject: org:socialnetworking:0.0.1-SNAPSHOT @ C:\Users\admin\Desktop\Project_Workspace_Collab\socialnetworking\pom.xml.
2017-03-27 09:15:14,261 [Worker-547] INFO  o.e.m.j.i.AbstractJavaProjectConfigurator - Adding source folder /socialnetworking/src/main/java
2017-03-27 09:15:14,261 [Worker-547] INFO  o.e.m.j.i.AbstractJavaProjectConfigurator - Adding resource folder /socialnetworking/src/main/resources
2017-03-27 09:15:14,261 [Worker-547] INFO  o.e.m.j.i.AbstractJavaProjectConfigurator - Adding source folder /socialnetworking/src/test/java
2017-03-27 09:15:20,492 [Worker-547] INFO  o.e.m.w.i.f.ResourceFilteringBuildParticipant - Cleaning filtered folder for socialnetworking
2017-03-27 09:15:20,523 [Worker-547] INFO  o.e.m.c.i.p.ProjectConfigurationManager - Update completed: 32 sec
2017-03-27 09:15:25,654 [Worker-524] WARN  o.e.m.c.i.embedder.EclipseLogger - Using platform encoding (Cp1252 actually) to copy filtered resources, i.e. build is platform dependent!
2017-03-27 09:15:25,670 [Worker-524] INFO  o.e.m.c.i.embedder.EclipseLogger - Copying 0 resource
2017-03-27 09:15:25,685 [Worker-524] WARN  o.e.m.c.i.embedder.EclipseLogger - Using platform encoding (Cp1252 actually) to copy filtered resources, i.e. build is platform dependent!
2017-03-27 09:15:25,685 [Worker-524] INFO  o.e.m.c.i.embedder.EclipseLogger - skip non existing resourceDirectory C:\Users\admin\Desktop\Project_Workspace_Collab\socialnetworking\src\test\resources
2017-03-27 09:15:25,685 [Worker-524] INFO  o.e.m.w.i.f.ResourceFilteringBuildParticipant - Changed resources require a complete clean of filtered resources of socialnetworking
2017-03-27 09:15:25,685 [Worker-524] INFO  o.e.m.w.i.f.ResourceFilteringBuildParticipant - Executing resource filtering for socialnetworking
2017-03-27 09:15:25,716 [Worker-524] WARN  o.e.m.c.i.embedder.EclipseLogger - Using platform encoding (Cp1252 actually) to copy filtered resources, i.e. build is platform dependent!
2017-03-27 09:26:03,995 [Worker-551] WARN  o.e.m.c.i.embedder.EclipseLogger - Using platform encoding (Cp1252 actually) to copy filtered resources, i.e. build is platform dependent!
2017-03-27 09:26:04,042 [Worker-551] INFO  o.e.m.c.i.embedder.EclipseLogger - Copying 0 resource
2017-03-27 09:26:04,057 [Worker-551] WARN  o.e.m.c.i.embedder.EclipseLogger - Using platform encoding (Cp1252 actually) to copy filtered resources, i.e. build is platform dependent!
2017-03-27 09:26:04,057 [Worker-551] INFO  o.e.m.c.i.embedder.EclipseLogger - skip non existing resourceDirectory C:\Users\admin\Desktop\Project_Workspace_Collab\socialnetworking\src\test\resources
2017-03-27 09:40:30,090 [Worker-558] WARN  o.e.m.c.i.embedder.EclipseLogger - Using platform encoding (Cp1252 actually) to copy filtered resources, i.e. build is platform dependent!
2017-03-27 09:40:30,105 [Worker-558] INFO  o.e.m.c.i.embedder.EclipseLogger - Copying 0 resource
2017-03-27 09:40:30,105 [Worker-558] WARN  o.e.m.c.i.embedder.EclipseLogger - Using platform encoding (Cp1252 actually) to copy filtered resources, i.e. build is platform dependent!
2017-03-27 09:40:30,121 [Worker-558] INFO  o.e.m.c.i.embedder.EclipseLogger - skip non existing resourceDirectory C:\Users\admin\Desktop\Project_Workspace_Collab\socialnetworking\src\test\resources
2017-03-27 10:00:35,960 [Worker-564] WARN  o.e.m.c.i.embedder.EclipseLogger - Using platform encoding (Cp1252 actually) to copy filtered resources, i.e. build is platform dependent!
2017-03-27 10:00:35,975 [Worker-564] INFO  o.e.m.c.i.embedder.EclipseLogger - Copying 0 resource
2017-03-27 10:00:35,975 [Worker-564] WARN  o.e.m.c.i.embedder.EclipseLogger - Using platform encoding (Cp1252 actually) to copy filtered resources, i.e. build is platform dependent!
2017-03-27 10:00:35,975 [Worker-564] INFO  o.e.m.c.i.embedder.EclipseLogger - skip non existing resourceDirectory C:\Users\admin\Desktop\Project_Workspace_Collab\socialnetworking\src\test\resources
2017-03-27 10:00:41,017 [Worker-540] WARN  o.e.m.c.i.embedder.EclipseLogger - Using platform encoding (Cp1252 actually) to copy filtered resources, i.e. build is platform dependent!
2017-03-27 10:00:41,017 [Worker-540] INFO  o.e.m.c.i.embedder.EclipseLogger - Copying 0 resource
2017-03-27 10:00:41,017 [Worker-540] WARN  o.e.m.c.i.embedder.EclipseLogger - Using platform encoding (Cp1252 actually) to copy filtered resources, i.e. build is platform dependent!
2017-03-27 10:00:41,017 [Worker-540] INFO  o.e.m.c.i.embedder.EclipseLogger - skip non existing resourceDirectory C:\Users\admin\Desktop\Project_Workspace_Collab\socialnetworking\src\test\resources
2017-03-27 10:00:51,130 [Worker-564] WARN  o.e.m.c.i.embedder.EclipseLogger - Using platform encoding (Cp1252 actually) to copy filtered resources, i.e. build is platform dependent!
2017-03-27 10:00:51,146 [Worker-564] INFO  o.e.m.c.i.embedder.EclipseLogger - Copying 0 resource
2017-03-27 10:00:51,146 [Worker-564] WARN  o.e.m.c.i.embedder.EclipseLogger - Using platform encoding (Cp1252 actually) to copy filtered resources, i.e. build is platform dependent!
2017-03-27 10:00:51,146 [Worker-564] INFO  o.e.m.c.i.embedder.EclipseLogger - skip non existing resourceDirectory C:\Users\admin\Desktop\Project_Workspace_Collab\socialnetworking\src\test\resources
2017-03-27 10:01:16,446 [Worker-556] WARN  o.e.m.c.i.embedder.EclipseLogger - Using platform encoding (Cp1252 actually) to copy filtered resources, i.e. build is platform dependent!
2017-03-27 10:01:16,446 [Worker-556] INFO  o.e.m.c.i.embedder.EclipseLogger - Copying 0 resource
2017-03-27 10:01:16,446 [Worker-556] WARN  o.e.m.c.i.embedder.EclipseLogger - Using platform encoding (Cp1252 actually) to copy filtered resources, i.e. build is platform dependent!
2017-03-27 10:01:16,446 [Worker-556] INFO  o.e.m.c.i.embedder.EclipseLogger - skip non existing resourceDirectory C:\Users\admin\Desktop\Project_Workspace_Collab\socialnetworking\src\test\resources
